#
# There is insufficient memory for the Java Runtime Environment to continue.
# Native memory allocation (malloc) failed to allocate 1144208 bytes for Chunk::new
# Possible reasons:
#   The system is out of physical RAM or swap space
#   The process is running with CompressedOops enabled, and the Java Heap may be blocking the growth of the native heap
# Possible solutions:
#   Reduce memory load on the system
#   Increase physical memory or swap space
#   Check if swap backing store is full
#   Decrease Java heap size (-Xmx/-Xms)
#   Decrease number of Java threads
#   Decrease Java thread stack sizes (-Xss)
#   Set larger code cache with -XX:ReservedCodeCacheSize=
#   JVM is running with Zero Based Compressed Oops mode in which the Java heap is
#     placed in the first 32GB address space. The Java Heap base address is the
#     maximum limit for the native heap growth. Please use -XX:HeapBaseMinAddress
#     to set the Java Heap base and to place the Java Heap above 32GB virtual address.
# This output file may be truncated or incomplete.
#
#  Out of Memory Error (allocation.cpp:389), pid=20992, tid=0x0000000000002e68
#
# JRE version: Java(TM) SE Runtime Environment (8.0_271-b09) (build 1.8.0_271-b09)
# Java VM: Java HotSpot(TM) 64-Bit Server VM (25.271-b09 mixed mode windows-amd64 compressed oops)
# Failed to write core dump. Minidumps are not enabled by default on client versions of Windows
#

---------------  T H R E A D  ---------------

Current thread (0x000002904b2a9000):  JavaThread "C2 CompilerThread2" daemon [_thread_in_native, id=11880, stack(0x0000009ee6800000,0x0000009ee6900000)]

Stack: [0x0000009ee6800000,0x0000009ee6900000]
Native frames: (J=compiled Java code, j=interpreted, Vv=VM code, C=native code)
V  [jvm.dll+0x33f6c9]
V  [jvm.dll+0x286122]
V  [jvm.dll+0x286dcd]
V  [jvm.dll+0x27d805]
V  [jvm.dll+0xe574c]
V  [jvm.dll+0xe5f4c]
V  [jvm.dll+0x480095]
V  [jvm.dll+0x447de8]
V  [jvm.dll+0x450c25]
V  [jvm.dll+0x44ffe5]
V  [jvm.dll+0x43aef7]
V  [jvm.dll+0xbc3eb]
V  [jvm.dll+0xbaa4b]
V  [jvm.dll+0x24e7c2]
V  [jvm.dll+0x2a2dcc]
C  [ucrtbase.dll+0x210b2]
C  [KERNEL32.DLL+0x17c24]
C  [ntdll.dll+0x6d4d1]


Current CompileTask:
C2:   3032  757   !   4       java.util.Formatter::format (271 bytes)


---------------  P R O C E S S  ---------------

Java Threads: ( => current thread )
  0x000002904b2ce000 JavaThread "Service Thread" daemon [_thread_blocked, id=18788, stack(0x0000009ee6a00000,0x0000009ee6b00000)]
  0x000002904b2ad800 JavaThread "C1 CompilerThread3" daemon [_thread_in_native, id=21508, stack(0x0000009ee6900000,0x0000009ee6a00000)]
=>0x000002904b2a9000 JavaThread "C2 CompilerThread2" daemon [_thread_in_native, id=11880, stack(0x0000009ee6800000,0x0000009ee6900000)]
  0x000002904b2a2000 JavaThread "C2 CompilerThread1" daemon [_thread_blocked, id=15552, stack(0x0000009ee6700000,0x0000009ee6800000)]
  0x000002904b29f800 JavaThread "C2 CompilerThread0" daemon [_thread_in_native, id=14848, stack(0x0000009ee6600000,0x0000009ee6700000)]
  0x000002904b29d000 JavaThread "Attach Listener" daemon [_thread_blocked, id=16796, stack(0x0000009ee6500000,0x0000009ee6600000)]
  0x000002904b29a000 JavaThread "Signal Dispatcher" daemon [_thread_blocked, id=16648, stack(0x0000009ee6400000,0x0000009ee6500000)]
  0x000002904a62e800 JavaThread "Finalizer" daemon [_thread_blocked, id=1944, stack(0x0000009ee6300000,0x0000009ee6400000)]
  0x000002904a626000 JavaThread "Reference Handler" daemon [_thread_blocked, id=20628, stack(0x0000009ee6200000,0x0000009ee6300000)]
  0x000002902fb77000 JavaThread "main" [_thread_in_native, id=20552, stack(0x0000009ee5800000,0x0000009ee5900000)]

Other Threads:
  0x000002904b1f2800 VMThread [stack: 0x0000009ee6100000,0x0000009ee6200000] [id=16244]
  0x000002904c69d800 WatcherThread [stack: 0x0000009ee6b00000,0x0000009ee6c00000] [id=13512]

VM state:not at safepoint (normal execution)

VM Mutex/Monitor currently owned by a thread: None

heap address: 0x00000006c1e00000, size: 4066 MB, Compressed Oops mode: Zero based, Oop shift amount: 3
Narrow klass base: 0x0000000000000000, Narrow klass shift: 3
Compressed class space size: 1073741824 Address: 0x00000007c0000000

Heap:
 PSYoungGen      total 562688K, used 346788K [0x000000076b500000, 0x00000007aff00000, 0x00000007c0000000)
  eden space 524288K, 64% used [0x000000076b500000,0x000000077fd912d8,0x000000078b500000)
  from space 38400K, 26% used [0x000000078b500000,0x000000078bf180c0,0x000000078da80000)
  to   space 37888K, 0% used [0x00000007ada00000,0x00000007ada00000,0x00000007aff00000)
 ParOldGen       total 175104K, used 52839K [0x00000006c1e00000, 0x00000006cc900000, 0x000000076b500000)
  object space 175104K, 30% used [0x00000006c1e00000,0x00000006c5199f58,0x00000006cc900000)
 Metaspace       used 7036K, capacity 7140K, committed 7296K, reserved 1056768K
  class space    used 804K, capacity 848K, committed 896K, reserved 1048576K

Card table byte_map: [0x0000029040880000,0x0000029041080000] byte_map_base: 0x000002903d271000

Marking Bits: (ParMarkBitMap*) 0x0000000068db7fe0
 Begin Bits: [0x00000290415d0000, 0x0000029045558000)
 End Bits:   [0x0000029045558000, 0x00000290494e0000)

Polling page: 0x0000029031490000

CodeCache: size=245760Kb used=4287Kb max_used=4298Kb free=241472Kb
 bounds [0x00000290314c0000, 0x0000029031900000, 0x00000290404c0000]
 total_blobs=1184 nmethods=898 adapters=199
 compilation: enabled

Compilation events (10 events):
Event: 2.992 Thread 0x000002904b2ad800 nmethod 868 0x00000290318be090 code [0x00000290318be280, 0x00000290318beb70]
Event: 2.992 Thread 0x000002904b2ad800  867       1       java.util.zip.ZipEntry::getMethod (5 bytes)
Event: 2.992 Thread 0x000002904b2ad800 nmethod 867 0x00000290318bad10 code [0x00000290318bae60, 0x00000290318baf78]
Event: 2.994 Thread 0x000002904b2a2000 nmethod 862 0x00000290318e0ad0 code [0x00000290318e0c40, 0x00000290318e10c8]
Event: 2.994 Thread 0x000002904b2a2000  865       4       java.util.regex.Pattern$Start::match (90 bytes)
Event: 2.997 Thread 0x000002904b2a2000 nmethod 865 0x00000290318d6010 code [0x00000290318d6180, 0x00000290318d6448]
Event: 3.001 Thread 0x000002904b29f800 nmethod 861 0x00000290318e3a50 code [0x00000290318e3c20, 0x00000290318e48a8]
Event: 3.006 Thread 0x000002904b2ad800  870       3       java.lang.ClassLoader::loadClass (7 bytes)
Event: 3.006 Thread 0x000002904b2ad800 nmethod 870 0x00000290318bd850 code [0x00000290318bd9c0, 0x00000290318bdbf0]
Event: 3.006 Thread 0x000002904b2ad800  871       3       java.lang.ClassLoader::findBootstrapClassOrNull (16 bytes)

GC Heap History (10 events):
Event: 1.193 GC heap before
{Heap before GC invocations=3 (full 0):
 PSYoungGen      total 141824K, used 141797K [0x000000076b500000, 0x0000000774a00000, 0x00000007c0000000)
  eden space 131072K, 100% used [0x000000076b500000,0x0000000773500000,0x0000000773500000)
  from space 10752K, 99% used [0x0000000773f80000,0x00000007749f9740,0x0000000774a00000)
  to   space 10752K, 0% used [0x0000000773500000,0x0000000773500000,0x0000000773f80000)
 ParOldGen       total 175104K, used 31481K [0x00000006c1e00000, 0x00000006cc900000, 0x000000076b500000)
  object space 175104K, 17% used [0x00000006c1e00000,0x00000006c3cbe5d8,0x00000006cc900000)
 Metaspace       used 4608K, capacity 5268K, committed 5504K, reserved 1056768K
  class space    used 495K, capacity 528K, committed 640K, reserved 1048576K
Event: 1.212 GC heap after
Heap after GC invocations=3 (full 0):
 PSYoungGen      total 141824K, used 10736K [0x000000076b500000, 0x000000077ca00000, 0x00000007c0000000)
  eden space 131072K, 0% used [0x000000076b500000,0x000000076b500000,0x0000000773500000)
  from space 10752K, 99% used [0x0000000773500000,0x0000000773f7c1c0,0x0000000773f80000)
  to   space 10752K, 0% used [0x000000077bf80000,0x000000077bf80000,0x000000077ca00000)
 ParOldGen       total 175104K, used 50875K [0x00000006c1e00000, 0x00000006cc900000, 0x000000076b500000)
  object space 175104K, 29% used [0x00000006c1e00000,0x00000006c4faee58,0x00000006cc900000)
 Metaspace       used 4608K, capacity 5268K, committed 5504K, reserved 1056768K
  class space    used 495K, capacity 528K, committed 640K, reserved 1048576K
}
Event: 1.335 GC heap before
{Heap before GC invocations=4 (full 0):
 PSYoungGen      total 141824K, used 141808K [0x000000076b500000, 0x000000077ca00000, 0x00000007c0000000)
  eden space 131072K, 100% used [0x000000076b500000,0x0000000773500000,0x0000000773500000)
  from space 10752K, 99% used [0x0000000773500000,0x0000000773f7c1c0,0x0000000773f80000)
  to   space 10752K, 0% used [0x000000077bf80000,0x000000077bf80000,0x000000077ca00000)
 ParOldGen       total 175104K, used 50875K [0x00000006c1e00000, 0x00000006cc900000, 0x000000076b500000)
  object space 175104K, 29% used [0x00000006c1e00000,0x00000006c4faee58,0x00000006cc900000)
 Metaspace       used 4634K, capacity 5268K, committed 5504K, reserved 1056768K
  class space    used 495K, capacity 528K, committed 640K, reserved 1048576K
Event: 1.343 GC heap after
Heap after GC invocations=4 (full 0):
 PSYoungGen      total 272896K, used 10720K [0x000000076b500000, 0x000000077ca00000, 0x00000007c0000000)
  eden space 262144K, 0% used [0x000000076b500000,0x000000076b500000,0x000000077b500000)
  from space 10752K, 99% used [0x000000077bf80000,0x000000077c9f81b0,0x000000077ca00000)
  to   space 10752K, 0% used [0x000000077b500000,0x000000077b500000,0x000000077bf80000)
 ParOldGen       total 175104K, used 51115K [0x00000006c1e00000, 0x00000006cc900000, 0x000000076b500000)
  object space 175104K, 29% used [0x00000006c1e00000,0x00000006c4feae58,0x00000006cc900000)
 Metaspace       used 4634K, capacity 5268K, committed 5504K, reserved 1056768K
  class space    used 495K, capacity 528K, committed 640K, reserved 1048576K
}
Event: 1.644 GC heap before
{Heap before GC invocations=5 (full 0):
 PSYoungGen      total 272896K, used 272864K [0x000000076b500000, 0x000000077ca00000, 0x00000007c0000000)
  eden space 262144K, 100% used [0x000000076b500000,0x000000077b500000,0x000000077b500000)
  from space 10752K, 99% used [0x000000077bf80000,0x000000077c9f81b0,0x000000077ca00000)
  to   space 10752K, 0% used [0x000000077b500000,0x000000077b500000,0x000000077bf80000)
 ParOldGen       total 175104K, used 51115K [0x00000006c1e00000, 0x00000006cc900000, 0x000000076b500000)
  object space 175104K, 29% used [0x00000006c1e00000,0x00000006c4feae58,0x00000006cc900000)
 Metaspace       used 4634K, capacity 5268K, committed 5504K, reserved 1056768K
  class space    used 495K, capacity 528K, committed 640K, reserved 1048576K
Event: 1.653 GC heap after
Heap after GC invocations=5 (full 0):
 PSYoungGen      total 272896K, used 10720K [0x000000076b500000, 0x0000000790100000, 0x00000007c0000000)
  eden space 262144K, 0% used [0x000000076b500000,0x000000076b500000,0x000000077b500000)
  from space 10752K, 99% used [0x000000077b500000,0x000000077bf78150,0x000000077bf80000)
  to   space 38912K, 0% used [0x000000078db00000,0x000000078db00000,0x0000000790100000)
 ParOldGen       total 175104K, used 51455K [0x00000006c1e00000, 0x00000006cc900000, 0x000000076b500000)
  object space 175104K, 29% used [0x00000006c1e00000,0x00000006c503fe68,0x00000006cc900000)
 Metaspace       used 4634K, capacity 5268K, committed 5504K, reserved 1056768K
  class space    used 495K, capacity 528K, committed 640K, reserved 1048576K
}
Event: 1.893 GC heap before
{Heap before GC invocations=6 (full 0):
 PSYoungGen      total 272896K, used 272864K [0x000000076b500000, 0x0000000790100000, 0x00000007c0000000)
  eden space 262144K, 100% used [0x000000076b500000,0x000000077b500000,0x000000077b500000)
  from space 10752K, 99% used [0x000000077b500000,0x000000077bf78150,0x000000077bf80000)
  to   space 38912K, 0% used [0x000000078db00000,0x000000078db00000,0x0000000790100000)
 ParOldGen       total 175104K, used 51455K [0x00000006c1e00000, 0x00000006cc900000, 0x000000076b500000)
  object space 175104K, 29% used [0x00000006c1e00000,0x00000006c503fe68,0x00000006cc900000)
 Metaspace       used 4634K, capacity 5268K, committed 5504K, reserved 1056768K
  class space    used 495K, capacity 528K, committed 640K, reserved 1048576K
Event: 1.901 GC heap after
Heap after GC invocations=6 (full 0):
 PSYoungGen      total 562176K, used 11024K [0x000000076b500000, 0x0000000790000000, 0x00000007c0000000)
  eden space 524288K, 0% used [0x000000076b500000,0x000000076b500000,0x000000078b500000)
  from space 37888K, 29% used [0x000000078db00000,0x000000078e5c4160,0x0000000790000000)
  to   space 38400K, 0% used [0x000000078b500000,0x000000078b500000,0x000000078da80000)
 ParOldGen       total 175104K, used 51455K [0x00000006c1e00000, 0x00000006cc900000, 0x000000076b500000)
  object space 175104K, 29% used [0x00000006c1e00000,0x00000006c503fe68,0x00000006cc900000)
 Metaspace       used 4634K, capacity 5268K, committed 5504K, reserved 1056768K
  class space    used 495K, capacity 528K, committed 640K, reserved 1048576K
}
Event: 2.437 GC heap before
{Heap before GC invocations=7 (full 0):
 PSYoungGen      total 562176K, used 535312K [0x000000076b500000, 0x0000000790000000, 0x00000007c0000000)
  eden space 524288K, 100% used [0x000000076b500000,0x000000078b500000,0x000000078b500000)
  from space 37888K, 29% used [0x000000078db00000,0x000000078e5c4160,0x0000000790000000)
  to   space 38400K, 0% used [0x000000078b500000,0x000000078b500000,0x000000078da80000)
 ParOldGen       total 175104K, used 51455K [0x00000006c1e00000, 0x00000006cc900000, 0x000000076b500000)
  object space 175104K, 29% used [0x00000006c1e00000,0x00000006c503fe68,0x00000006cc900000)
 Metaspace       used 4634K, capacity 5268K, committed 5504K, reserved 1056768K
  class space    used 495K, capacity 528K, committed 640K, reserved 1048576K
Event: 2.448 GC heap after
Heap after GC invocations=7 (full 0):
 PSYoungGen      total 562688K, used 10336K [0x000000076b500000, 0x00000007aff00000, 0x00000007c0000000)
  eden space 524288K, 0% used [0x000000076b500000,0x000000076b500000,0x000000078b500000)
  from space 38400K, 26% used [0x000000078b500000,0x000000078bf180c0,0x000000078da80000)
  to   space 37888K, 0% used [0x00000007ada00000,0x00000007ada00000,0x00000007aff00000)
 ParOldGen       total 175104K, used 52839K [0x00000006c1e00000, 0x00000006cc900000, 0x000000076b500000)
  object space 175104K, 30% used [0x00000006c1e00000,0x00000006c5199f58,0x00000006cc900000)
 Metaspace       used 4634K, capacity 5268K, committed 5504K, reserved 1056768K
  class space    used 495K, capacity 528K, committed 640K, reserved 1048576K
}

Deoptimization events (10 events):
Event: 2.989 Thread 0x000002902fb77000 Uncommon trap: reason=class_check action=maybe_recompile pc=0x0000029031841830 method=java.util.regex.Pattern$Start.match(Ljava/util/regex/Matcher;ILjava/lang/CharSequence;)Z @ 44
Event: 2.989 Thread 0x000002902fb77000 Uncommon trap: reason=class_check action=maybe_recompile pc=0x0000029031861d60 method=java.util.regex.Pattern$Branch.match(Ljava/util/regex/Matcher;ILjava/lang/CharSequence;)Z @ 50
Event: 2.989 Thread 0x000002902fb77000 Uncommon trap: reason=bimorphic action=maybe_recompile pc=0x00000290318652d4 method=java.util.regex.Pattern$GroupTail.match(Ljava/util/regex/Matcher;ILjava/lang/CharSequence;)Z @ 70
Event: 2.989 Thread 0x000002902fb77000 Uncommon trap: reason=class_check action=maybe_recompile pc=0x0000029031841830 method=java.util.regex.Pattern$Start.match(Ljava/util/regex/Matcher;ILjava/lang/CharSequence;)Z @ 44
Event: 2.989 Thread 0x000002902fb77000 Uncommon trap: reason=class_check action=maybe_recompile pc=0x0000029031861d60 method=java.util.regex.Pattern$Branch.match(Ljava/util/regex/Matcher;ILjava/lang/CharSequence;)Z @ 50
Event: 2.989 Thread 0x000002902fb77000 Uncommon trap: reason=bimorphic action=maybe_recompile pc=0x00000290318652d4 method=java.util.regex.Pattern$GroupTail.match(Ljava/util/regex/Matcher;ILjava/lang/CharSequence;)Z @ 70
Event: 2.989 Thread 0x000002902fb77000 Uncommon trap: reason=class_check action=maybe_recompile pc=0x0000029031841830 method=java.util.regex.Pattern$Start.match(Ljava/util/regex/Matcher;ILjava/lang/CharSequence;)Z @ 44
Event: 2.989 Thread 0x000002902fb77000 Uncommon trap: reason=bimorphic action=maybe_recompile pc=0x00000290318652d4 method=java.util.regex.Pattern$GroupTail.match(Ljava/util/regex/Matcher;ILjava/lang/CharSequence;)Z @ 70
Event: 2.989 Thread 0x000002902fb77000 Uncommon trap: reason=class_check action=maybe_recompile pc=0x000002903181de98 method=java.util.regex.Pattern$Start.match(Ljava/util/regex/Matcher;ILjava/lang/CharSequence;)Z @ 44
Event: 2.989 Thread 0x000002902fb77000 Uncommon trap: reason=bimorphic action=maybe_recompile pc=0x00000290318652d4 method=java.util.regex.Pattern$GroupTail.match(Ljava/util/regex/Matcher;ILjava/lang/CharSequence;)Z @ 70

Classes redefined (0 events):
No events

Internal exceptions (6 events):
Event: 0.031 Thread 0x000002902fb77000 Exception <a 'java/lang/NoSuchMethodError': Method sun.misc.Unsafe.defineClass(Ljava/lang/String;[BII)Ljava/lang/Class; name or signature does not match> (0x000000076b507cc0) thrown at [C:\jenkins\workspace\8-2-build-windows-amd64-cygwin\jdk8u271\605\hots
Event: 0.031 Thread 0x000002902fb77000 Exception <a 'java/lang/NoSuchMethodError': Method sun.misc.Unsafe.prefetchRead(Ljava/lang/Object;J)V name or signature does not match> (0x000000076b507fa8) thrown at [C:\jenkins\workspace\8-2-build-windows-amd64-cygwin\jdk8u271\605\hotspot\src\share\vm\p
Event: 0.143 Thread 0x000002902fb77000 Exception <a 'java/security/PrivilegedActionException'> (0x000000076b7e0980) thrown at [C:\jenkins\workspace\8-2-build-windows-amd64-cygwin\jdk8u271\605\hotspot\src\share\vm\prims\jvm.cpp, line 1512]
Event: 0.143 Thread 0x000002902fb77000 Exception <a 'java/security/PrivilegedActionException'> (0x000000076b7e0b90) thrown at [C:\jenkins\workspace\8-2-build-windows-amd64-cygwin\jdk8u271\605\hotspot\src\share\vm\prims\jvm.cpp, line 1512]
Event: 0.144 Thread 0x000002902fb77000 Exception <a 'java/security/PrivilegedActionException'> (0x000000076b7e4800) thrown at [C:\jenkins\workspace\8-2-build-windows-amd64-cygwin\jdk8u271\605\hotspot\src\share\vm\prims\jvm.cpp, line 1512]
Event: 0.144 Thread 0x000002902fb77000 Exception <a 'java/security/PrivilegedActionException'> (0x000000076b7e4a10) thrown at [C:\jenkins\workspace\8-2-build-windows-amd64-cygwin\jdk8u271\605\hotspot\src\share\vm\prims\jvm.cpp, line 1512]

Events (10 events):
Event: 2.989 Thread 0x000002902fb77000 DEOPT PACKING pc=0x00000290318652d4 sp=0x0000009ee58ff0d0
Event: 2.989 Thread 0x000002902fb77000 DEOPT UNPACKING pc=0x0000029031505843 sp=0x0000009ee58ff048 mode 2
Event: 3.005 loading class brut/androlib/meta/MetaInfo
Event: 3.005 loading class brut/androlib/meta/MetaInfo done
Event: 3.005 loading class org/yaml/snakeyaml/representer/Representer
Event: 3.005 loading class org/yaml/snakeyaml/representer/Representer done
Event: 3.006 loading class org/yaml/snakeyaml/representer/SafeRepresenter
Event: 3.006 loading class org/yaml/snakeyaml/representer/SafeRepresenter done
Event: 3.006 loading class org/yaml/snakeyaml/representer/BaseRepresenter
Event: 3.006 loading class org/yaml/snakeyaml/representer/BaseRepresenter done


Dynamic libraries:
0x00007ff6a6a10000 - 0x00007ff6a6a57000 	C:\ProgramData\Oracle\Java\javapath\java.exe
0x00007ffc37ce0000 - 0x00007ffc37ed0000 	C:\WINDOWS\SYSTEM32\ntdll.dll
0x00007ffc36940000 - 0x00007ffc369f2000 	C:\WINDOWS\System32\KERNEL32.DLL
0x00007ffc34c70000 - 0x00007ffc34f15000 	C:\WINDOWS\System32\KERNELBASE.dll
0x00007ffc37890000 - 0x00007ffc37933000 	C:\WINDOWS\System32\ADVAPI32.dll
0x00007ffc37a80000 - 0x00007ffc37b1e000 	C:\WINDOWS\System32\msvcrt.dll
0x00007ffc379c0000 - 0x00007ffc37a57000 	C:\WINDOWS\System32\sechost.dll
0x00007ffc37b20000 - 0x00007ffc37c40000 	C:\WINDOWS\System32\RPCRT4.dll
0x00007ffc37250000 - 0x00007ffc373e4000 	C:\WINDOWS\System32\USER32.dll
0x00007ffc35cb0000 - 0x00007ffc35cd1000 	C:\WINDOWS\System32\win32u.dll
0x00007ffc37860000 - 0x00007ffc37886000 	C:\WINDOWS\System32\GDI32.dll
0x00007ffc351a0000 - 0x00007ffc35336000 	C:\WINDOWS\System32\gdi32full.dll
0x00007ffc34fb0000 - 0x00007ffc3504e000 	C:\WINDOWS\System32\msvcp_win.dll
0x00007ffc350a0000 - 0x00007ffc3519a000 	C:\WINDOWS\System32\ucrtbase.dll
0x00007ffc1f960000 - 0x00007ffc1fbe4000 	C:\WINDOWS\WinSxS\amd64_microsoft.windows.common-controls_6595b64144ccf1df_6.0.18362.1256_none_9e7e379be45e40e2\COMCTL32.dll
0x00007ffc37520000 - 0x00007ffc37856000 	C:\WINDOWS\System32\combase.dll
0x00007ffc35340000 - 0x00007ffc353c1000 	C:\WINDOWS\System32\bcryptPrimitives.dll
0x00007ffc36730000 - 0x00007ffc3675e000 	C:\WINDOWS\System32\IMM32.DLL
0x00007ffc1c5e0000 - 0x00007ffc1c5f5000 	C:\Program Files\Java\jre1.8.0_271\bin\vcruntime140.dll
0x00007ffbeb520000 - 0x00007ffbeb5bb000 	C:\Program Files\Java\jre1.8.0_271\bin\msvcp140.dll
0x00000000685c0000 - 0x0000000068e2f000 	C:\Program Files\Java\jre1.8.0_271\bin\server\jvm.dll
0x00007ffc36720000 - 0x00007ffc36728000 	C:\WINDOWS\System32\PSAPI.DLL
0x00007ffc24aa0000 - 0x00007ffc24aa9000 	C:\WINDOWS\SYSTEM32\WSOCK32.dll
0x00007ffc2b2d0000 - 0x00007ffc2b2f4000 	C:\WINDOWS\SYSTEM32\WINMM.dll
0x00007ffc2db10000 - 0x00007ffc2db1a000 	C:\WINDOWS\SYSTEM32\VERSION.dll
0x00007ffc36a10000 - 0x00007ffc36a7f000 	C:\WINDOWS\System32\WS2_32.dll
0x00007ffc2b2a0000 - 0x00007ffc2b2cd000 	C:\WINDOWS\SYSTEM32\winmmbase.dll
0x00007ffc35050000 - 0x00007ffc3509a000 	C:\WINDOWS\System32\cfgmgr32.dll
0x00007ffc34bb0000 - 0x00007ffc34bc1000 	C:\WINDOWS\System32\kernel.appcore.dll
0x00007ffc25990000 - 0x00007ffc259a0000 	C:\Program Files\Java\jre1.8.0_271\bin\verify.dll
0x00007ffc15440000 - 0x00007ffc1546b000 	C:\Program Files\Java\jre1.8.0_271\bin\java.dll
0x00007ffc19930000 - 0x00007ffc19948000 	C:\Program Files\Java\jre1.8.0_271\bin\zip.dll
0x00007ffc36a80000 - 0x00007ffc37167000 	C:\WINDOWS\System32\SHELL32.dll
0x00007ffc37460000 - 0x00007ffc37509000 	C:\WINDOWS\System32\shcore.dll
0x00007ffc35520000 - 0x00007ffc35ca1000 	C:\WINDOWS\System32\windows.storage.dll
0x00007ffc34c20000 - 0x00007ffc34c43000 	C:\WINDOWS\System32\profapi.dll
0x00007ffc34bd0000 - 0x00007ffc34c1a000 	C:\WINDOWS\System32\powrprof.dll
0x00007ffc34b80000 - 0x00007ffc34b90000 	C:\WINDOWS\System32\UMPDC.dll
0x00007ffc371f0000 - 0x00007ffc37242000 	C:\WINDOWS\System32\shlwapi.dll
0x00007ffc34c50000 - 0x00007ffc34c67000 	C:\WINDOWS\System32\cryptsp.dll
0x00007ffc2d360000 - 0x00007ffc2d554000 	C:\WINDOWS\SYSTEM32\dbghelp.dll

VM Arguments:
jvm_args: -Duser.language=en -Dfile.encoding=UTF8 
java_command: C:\Windows\apktool.jar -q d -f D:/5th\Honours\Code\dataset\Benign/androzoo/tmp\com.siswamedia.layangan.apk -o ../tmp\com.siswamedia.layangan.apk.smali -s -r --no-assets --force-manifest
java_class_path (initial): C:\Windows\apktool.jar
Launcher Type: SUN_STANDARD

Environment Variables:
PATH=D:\Anaconda\envs\code;D:\Anaconda\envs\code\Library\mingw-w64\bin;D:\Anaconda\envs\code\Library\usr\bin;D:\Anaconda\envs\code\Library\bin;D:\Anaconda\envs\code\Scripts;D:\Anaconda\envs\code\bin;D:\Anaconda\condabin;C:\ProgramData\Oracle\Java\javapath;C:\Program Files\NVIDIA GPU Computing Toolkit\CUDA\v11.1\bin;C:\Program Files\NVIDIA GPU Computing Toolkit\CUDA\v11.1\libnvvp;c:\program files (x86)\intel\icls client;c:\program files\intel\icls client;c:\windows\system32;c:\windows;c:\windows\system32\wbem;c:\windows\system32\windowspowershell\v1.0;c:\program files (x86)\intel\intel(r) management engine components\dal;c:\program files\intel\intel(r) management engine components\dal;c:\program files (x86)\intel\intel(r) management engine components\ipt;c:\program files\intel\intel(r) management engine components\ipt;c:\program files\intel\wifi\bin;c:\program files\common files\intel\wirelesscommon;c:\windows\system32\openssh;c:\program files\git\cmd;C:\Program Files\dotnet;D:\MATLAB\R2019b\bin;C:\WINDOWS\system32;C:\WINDOWS;C:\WINDOWS\System32\Wbem;C:\WINDOWS\System32\WindowsPowerShell\v1.0;C:\WINDOWS\System32\OpenSSH;C:\Program Files (x86)\NVIDIA Corporation\PhysX\Common;C:\Program Files\PuTTY;C:\Program Files\NVIDIA Corporation\Nsight Compute 2020.2.1;C:\Program Files\NVIDIA Corporation\NVIDIA NvDLISR;C:\Program Files (x86)\Java\jdk1.8.0_121\bin;C:\Users\aidanocc\AppData\Local\Microsoft\WindowsApps;D:\Anaconda\Scripts\conda.exe;D:\Anaconda\python.exe;C:\Users\aidanocc\AppData\Local\GitHubDesktop\bin;D:\Latex\miktex\bin\x64;D:\Anaconda;D:\Microsoft VS Code\bin;.
USERNAME=aidanocc
OS=Windows_NT
PROCESSOR_IDENTIFIER=Intel64 Family 6 Model 94 Stepping 3, GenuineIntel



---------------  S Y S T E M  ---------------

OS: Windows 10.0 , 64 bit Build 18362 (10.0.18362.1110)

CPU:total 8 (initial active 8) (4 cores per cpu, 2 threads per core) family 6 model 94 stepping 3, cmov, cx8, fxsr, mmx, sse, sse2, sse3, ssse3, sse4.1, sse4.2, popcnt, avx, avx2, aes, clmul, erms, rtm, 3dnowpref, lzcnt, ht, tsc, tscinvbit, bmi1, bmi2, adx

Memory: 4k page, physical 16650360k(4266852k free), swap 21059248k(5728k free)

vm_info: Java HotSpot(TM) 64-Bit Server VM (25.271-b09) for windows-amd64 JRE (1.8.0_271-b09), built on Sep 16 2020 19:14:59 by "" with MS VC++ 15.9 (VS2017)

time: Tue Dec 15 18:15:31 2020
timezone: Eastern Standard Time
elapsed time: 3.038637 seconds (0d 0h 0m 3s)

