#
# There is insufficient memory for the Java Runtime Environment to continue.
# Native memory allocation (malloc) failed to allocate 530416 bytes for Chunk::new
# Possible reasons:
#   The system is out of physical RAM or swap space
#   The process is running with CompressedOops enabled, and the Java Heap may be blocking the growth of the native heap
# Possible solutions:
#   Reduce memory load on the system
#   Increase physical memory or swap space
#   Check if swap backing store is full
#   Decrease Java heap size (-Xmx/-Xms)
#   Decrease number of Java threads
#   Decrease Java thread stack sizes (-Xss)
#   Set larger code cache with -XX:ReservedCodeCacheSize=
#   JVM is running with Zero Based Compressed Oops mode in which the Java heap is
#     placed in the first 32GB address space. The Java Heap base address is the
#     maximum limit for the native heap growth. Please use -XX:HeapBaseMinAddress
#     to set the Java Heap base and to place the Java Heap above 32GB virtual address.
# This output file may be truncated or incomplete.
#
#  Out of Memory Error (allocation.cpp:389), pid=17524, tid=0x00000000000060e0
#
# JRE version: Java(TM) SE Runtime Environment (8.0_271-b09) (build 1.8.0_271-b09)
# Java VM: Java HotSpot(TM) 64-Bit Server VM (25.271-b09 mixed mode windows-amd64 compressed oops)
# Failed to write core dump. Minidumps are not enabled by default on client versions of Windows
#

---------------  T H R E A D  ---------------

Current thread (0x0000027824ae2800):  JavaThread "C2 CompilerThread2" daemon [_thread_in_native, id=24800, stack(0x0000007a2e400000,0x0000007a2e500000)]

Stack: [0x0000007a2e400000,0x0000007a2e500000]
Native frames: (J=compiled Java code, j=interpreted, Vv=VM code, C=native code)
V  [jvm.dll+0x33f6c9]
V  [jvm.dll+0x286122]
V  [jvm.dll+0x286dcd]
V  [jvm.dll+0x27d805]
V  [jvm.dll+0xe574c]
V  [jvm.dll+0xe5f4c]
V  [jvm.dll+0x480043]
V  [jvm.dll+0x447af3]
V  [jvm.dll+0x450c25]
V  [jvm.dll+0x44ffe5]
V  [jvm.dll+0x43aef7]
V  [jvm.dll+0xbc3eb]
V  [jvm.dll+0xbaa4b]
V  [jvm.dll+0x24e7c2]
V  [jvm.dll+0x2a2dcc]
C  [ucrtbase.dll+0x210b2]
C  [KERNEL32.DLL+0x17c24]
C  [ntdll.dll+0x6d4d1]


Current CompileTask:
C2:   3393  785       4       java.util.Formatter::parse (151 bytes)


---------------  P R O C E S S  ---------------

Java Threads: ( => current thread )
  0x0000027825e98000 JavaThread "Service Thread" daemon [_thread_blocked, id=9428, stack(0x0000007a2e600000,0x0000007a2e700000)]
  0x0000027824aed800 JavaThread "C1 CompilerThread3" daemon [_thread_blocked, id=15684, stack(0x0000007a2e500000,0x0000007a2e600000)]
=>0x0000027824ae2800 JavaThread "C2 CompilerThread2" daemon [_thread_in_native, id=24800, stack(0x0000007a2e400000,0x0000007a2e500000)]
  0x0000027824ad1000 JavaThread "C2 CompilerThread1" daemon [_thread_in_native, id=20992, stack(0x0000007a2e300000,0x0000007a2e400000)]
  0x0000027824acc800 JavaThread "C2 CompilerThread0" daemon [_thread_in_native, id=6320, stack(0x0000007a2e200000,0x0000007a2e300000)]
  0x0000027824aca800 JavaThread "Attach Listener" daemon [_thread_blocked, id=16312, stack(0x0000007a2e100000,0x0000007a2e200000)]
  0x0000027824a65000 JavaThread "Signal Dispatcher" daemon [_thread_blocked, id=10176, stack(0x0000007a2e000000,0x0000007a2e100000)]
  0x0000027823e3e800 JavaThread "Finalizer" daemon [_thread_blocked, id=24320, stack(0x0000007a2df00000,0x0000007a2e000000)]
  0x0000027823e36800 JavaThread "Reference Handler" daemon [_thread_blocked, id=25496, stack(0x0000007a2de00000,0x0000007a2df00000)]
  0x0000027809336000 JavaThread "main" [_thread_in_native, id=10756, stack(0x0000007a2d400000,0x0000007a2d500000)]

Other Threads:
  0x0000027824a22800 VMThread [stack: 0x0000007a2dd00000,0x0000007a2de00000] [id=25092]
  0x0000027825eb2000 WatcherThread [stack: 0x0000007a2e700000,0x0000007a2e800000] [id=22480]

VM state:not at safepoint (normal execution)

VM Mutex/Monitor currently owned by a thread: None

heap address: 0x00000006c1e00000, size: 4066 MB, Compressed Oops mode: Zero based, Oop shift amount: 3
Narrow klass base: 0x0000000000000000, Narrow klass shift: 3
Compressed class space size: 1073741824 Address: 0x00000007c0000000

Heap:
 PSYoungGen      total 97792K, used 60981K [0x000000076b500000, 0x0000000772780000, 0x00000007c0000000)
  eden space 81408K, 72% used [0x000000076b500000,0x000000076ee755d8,0x0000000770480000)
  from space 16384K, 13% used [0x0000000771780000,0x0000000771998000,0x0000000772780000)
  to   space 17920K, 0% used [0x0000000770480000,0x0000000770480000,0x0000000771600000)
 ParOldGen       total 175104K, used 63845K [0x00000006c1e00000, 0x00000006cc900000, 0x000000076b500000)
  object space 175104K, 36% used [0x00000006c1e00000,0x00000006c5c59788,0x00000006cc900000)
 Metaspace       used 6571K, capacity 6692K, committed 7040K, reserved 1056768K
  class space    used 737K, capacity 784K, committed 896K, reserved 1048576K

Card table byte_map: [0x000002781a0e0000,0x000002781a8e0000] byte_map_base: 0x0000027816ad1000

Marking Bits: (ParMarkBitMap*) 0x0000000068db7fe0
 Begin Bits: [0x000002781ae30000, 0x000002781edb8000)
 End Bits:   [0x000002781edb8000, 0x0000027822d40000)

Polling page: 0x0000027809480000

CodeCache: size=245760Kb used=4055Kb max_used=4055Kb free=241704Kb
 bounds [0x000002780ad20000, 0x000002780b120000, 0x0000027819d20000]
 total_blobs=1170 nmethods=885 adapters=198
 compilation: enabled

Compilation events (10 events):
Event: 3.362 Thread 0x0000027824aed800 nmethod 874 0x000002780b101890 code [0x000002780b101a20, 0x000002780b101e30]
Event: 3.362 Thread 0x0000027824aed800  875       2       sun.misc.ASCIICaseInsensitiveComparator::compare (13 bytes)
Event: 3.362 Thread 0x0000027824aed800 nmethod 875 0x000002780b101490 code [0x000002780b101600, 0x000002780b1017d0]
Event: 3.362 Thread 0x0000027824aed800  877       2       java.util.TreeMap::parentOf (13 bytes)
Event: 3.362 Thread 0x0000027824aed800 nmethod 877 0x000002780b101150 code [0x000002780b1012a0, 0x000002780b1013f8]
Event: 3.365 Thread 0x0000027824aed800  878       2       java.nio.charset.Charset::atBugLevel (44 bytes)
Event: 3.366 Thread 0x0000027824aed800 nmethod 878 0x000002780b10f010 code [0x000002780b10f1a0, 0x000002780b10f480]
Event: 3.366 Thread 0x0000027824aed800  879       1       java.lang.Class::getClassLoader0 (5 bytes)
Event: 3.366 Thread 0x0000027824aed800 nmethod 879 0x000002780b100e90 code [0x000002780b100fe0, 0x000002780b1010f8]
Event: 3.367 Thread 0x0000027824aed800  880       2       java.nio.charset.Charset::checkName (165 bytes)

GC Heap History (10 events):
Event: 2.831 GC heap before
{Heap before GC invocations=22 (full 0):
 PSYoungGen      total 76288K, used 65760K [0x000000076b500000, 0x0000000770a00000, 0x00000007c0000000)
  eden space 65536K, 100% used [0x000000076b500000,0x000000076f500000,0x000000076f500000)
  from space 10752K, 2% used [0x000000076f500000,0x000000076f538000,0x000000076ff80000)
  to   space 10752K, 0% used [0x000000076ff80000,0x000000076ff80000,0x0000000770a00000)
 ParOldGen       total 175104K, used 62885K [0x00000006c1e00000, 0x00000006cc900000, 0x000000076b500000)
  object space 175104K, 35% used [0x00000006c1e00000,0x00000006c5b69738,0x00000006cc900000)
 Metaspace       used 4642K, capacity 5268K, committed 5504K, reserved 1056768K
  class space    used 497K, capacity 528K, committed 640K, reserved 1048576K
Event: 2.832 GC heap after
Heap after GC invocations=22 (full 0):
 PSYoungGen      total 76288K, used 160K [0x000000076b500000, 0x0000000770a00000, 0x00000007c0000000)
  eden space 65536K, 0% used [0x000000076b500000,0x000000076b500000,0x000000076f500000)
  from space 10752K, 1% used [0x000000076ff80000,0x000000076ffa8000,0x0000000770a00000)
  to   space 10752K, 0% used [0x000000076f500000,0x000000076f500000,0x000000076ff80000)
 ParOldGen       total 175104K, used 62989K [0x00000006c1e00000, 0x00000006cc900000, 0x000000076b500000)
  object space 175104K, 35% used [0x00000006c1e00000,0x00000006c5b83748,0x00000006cc900000)
 Metaspace       used 4642K, capacity 5268K, committed 5504K, reserved 1056768K
  class space    used 497K, capacity 528K, committed 640K, reserved 1048576K
}
Event: 2.906 GC heap before
{Heap before GC invocations=23 (full 0):
 PSYoungGen      total 76288K, used 65696K [0x000000076b500000, 0x0000000770a00000, 0x00000007c0000000)
  eden space 65536K, 100% used [0x000000076b500000,0x000000076f500000,0x000000076f500000)
  from space 10752K, 1% used [0x000000076ff80000,0x000000076ffa8000,0x0000000770a00000)
  to   space 10752K, 0% used [0x000000076f500000,0x000000076f500000,0x000000076ff80000)
 ParOldGen       total 175104K, used 62989K [0x00000006c1e00000, 0x00000006cc900000, 0x000000076b500000)
  object space 175104K, 35% used [0x00000006c1e00000,0x00000006c5b83748,0x00000006cc900000)
 Metaspace       used 4642K, capacity 5268K, committed 5504K, reserved 1056768K
  class space    used 497K, capacity 528K, committed 640K, reserved 1048576K
Event: 2.907 GC heap after
Heap after GC invocations=23 (full 0):
 PSYoungGen      total 74752K, used 160K [0x000000076b500000, 0x0000000771e80000, 0x00000007c0000000)
  eden space 64000K, 0% used [0x000000076b500000,0x000000076b500000,0x000000076f380000)
  from space 10752K, 1% used [0x000000076f500000,0x000000076f528000,0x000000076ff80000)
  to   space 22016K, 0% used [0x0000000770900000,0x0000000770900000,0x0000000771e80000)
 ParOldGen       total 175104K, used 63093K [0x00000006c1e00000, 0x00000006cc900000, 0x000000076b500000)
  object space 175104K, 36% used [0x00000006c1e00000,0x00000006c5b9d748,0x00000006cc900000)
 Metaspace       used 4642K, capacity 5268K, committed 5504K, reserved 1056768K
  class space    used 497K, capacity 528K, committed 640K, reserved 1048576K
}
Event: 2.980 GC heap before
{Heap before GC invocations=24 (full 0):
 PSYoungGen      total 74752K, used 64160K [0x000000076b500000, 0x0000000771e80000, 0x00000007c0000000)
  eden space 64000K, 100% used [0x000000076b500000,0x000000076f380000,0x000000076f380000)
  from space 10752K, 1% used [0x000000076f500000,0x000000076f528000,0x000000076ff80000)
  to   space 22016K, 0% used [0x0000000770900000,0x0000000770900000,0x0000000771e80000)
 ParOldGen       total 175104K, used 63093K [0x00000006c1e00000, 0x00000006cc900000, 0x000000076b500000)
  object space 175104K, 36% used [0x00000006c1e00000,0x00000006c5b9d748,0x00000006cc900000)
 Metaspace       used 4642K, capacity 5268K, committed 5504K, reserved 1056768K
  class space    used 497K, capacity 528K, committed 640K, reserved 1048576K
Event: 2.981 GC heap after
Heap after GC invocations=24 (full 0):
 PSYoungGen      total 80896K, used 192K [0x000000076b500000, 0x0000000771b00000, 0x00000007c0000000)
  eden space 62464K, 0% used [0x000000076b500000,0x000000076b500000,0x000000076f200000)
  from space 18432K, 1% used [0x0000000770900000,0x0000000770930000,0x0000000771b00000)
  to   space 20992K, 0% used [0x000000076f200000,0x000000076f200000,0x0000000770680000)
 ParOldGen       total 175104K, used 63173K [0x00000006c1e00000, 0x00000006cc900000, 0x000000076b500000)
  object space 175104K, 36% used [0x00000006c1e00000,0x00000006c5bb1748,0x00000006cc900000)
 Metaspace       used 4642K, capacity 5268K, committed 5504K, reserved 1056768K
  class space    used 497K, capacity 528K, committed 640K, reserved 1048576K
}
Event: 3.054 GC heap before
{Heap before GC invocations=25 (full 0):
 PSYoungGen      total 80896K, used 62656K [0x000000076b500000, 0x0000000771b00000, 0x00000007c0000000)
  eden space 62464K, 100% used [0x000000076b500000,0x000000076f200000,0x000000076f200000)
  from space 18432K, 1% used [0x0000000770900000,0x0000000770930000,0x0000000771b00000)
  to   space 20992K, 0% used [0x000000076f200000,0x000000076f200000,0x0000000770680000)
 ParOldGen       total 175104K, used 63173K [0x00000006c1e00000, 0x00000006cc900000, 0x000000076b500000)
  object space 175104K, 36% used [0x00000006c1e00000,0x00000006c5bb1748,0x00000006cc900000)
 Metaspace       used 4643K, capacity 5268K, committed 5504K, reserved 1056768K
  class space    used 497K, capacity 528K, committed 640K, reserved 1048576K
Event: 3.055 GC heap after
Heap after GC invocations=25 (full 0):
 PSYoungGen      total 83456K, used 608K [0x000000076b500000, 0x0000000772a80000, 0x00000007c0000000)
  eden space 62464K, 0% used [0x000000076b500000,0x000000076b500000,0x000000076f200000)
  from space 20992K, 2% used [0x000000076f200000,0x000000076f298020,0x0000000770680000)
  to   space 19456K, 0% used [0x0000000771780000,0x0000000771780000,0x0000000772a80000)
 ParOldGen       total 175104K, used 63245K [0x00000006c1e00000, 0x00000006cc900000, 0x000000076b500000)
  object space 175104K, 36% used [0x00000006c1e00000,0x00000006c5bc3748,0x00000006cc900000)
 Metaspace       used 4643K, capacity 5268K, committed 5504K, reserved 1056768K
  class space    used 497K, capacity 528K, committed 640K, reserved 1048576K
}
Event: 3.166 GC heap before
{Heap before GC invocations=26 (full 0):
 PSYoungGen      total 83456K, used 63072K [0x000000076b500000, 0x0000000772a80000, 0x00000007c0000000)
  eden space 62464K, 100% used [0x000000076b500000,0x000000076f200000,0x000000076f200000)
  from space 20992K, 2% used [0x000000076f200000,0x000000076f298020,0x0000000770680000)
  to   space 19456K, 0% used [0x0000000771780000,0x0000000771780000,0x0000000772a80000)
 ParOldGen       total 175104K, used 63245K [0x00000006c1e00000, 0x00000006cc900000, 0x000000076b500000)
  object space 175104K, 36% used [0x00000006c1e00000,0x00000006c5bc3748,0x00000006cc900000)
 Metaspace       used 4643K, capacity 5268K, committed 5504K, reserved 1056768K
  class space    used 497K, capacity 528K, committed 640K, reserved 1048576K
Event: 3.169 GC heap after
Heap after GC invocations=26 (full 0):
 PSYoungGen      total 97792K, used 2144K [0x000000076b500000, 0x0000000772780000, 0x00000007c0000000)
  eden space 81408K, 0% used [0x000000076b500000,0x000000076b500000,0x0000000770480000)
  from space 16384K, 13% used [0x0000000771780000,0x0000000771998000,0x0000000772780000)
  to   space 17920K, 0% used [0x0000000770480000,0x0000000770480000,0x0000000771600000)
 ParOldGen       total 175104K, used 63845K [0x00000006c1e00000, 0x00000006cc900000, 0x000000076b500000)
  object space 175104K, 36% used [0x00000006c1e00000,0x00000006c5c59788,0x00000006cc900000)
 Metaspace       used 4643K, capacity 5268K, committed 5504K, reserved 1056768K
  class space    used 497K, capacity 528K, committed 640K, reserved 1048576K
}

Deoptimization events (10 events):
Event: 3.228 Thread 0x0000027809336000 Uncommon trap: reason=class_check action=maybe_recompile pc=0x000002780afce9c0 method=java.util.HashMap$TreeNode.putTreeVal(Ljava/util/HashMap;[Ljava/util/HashMap$Node;ILjava/lang/Object;Ljava/lang/Object;)Ljava/util/HashMap$TreeNode; @ 236
Event: 3.228 Thread 0x0000027809336000 Uncommon trap: reason=class_check action=maybe_recompile pc=0x000002780afce9c0 method=java.util.HashMap$TreeNode.putTreeVal(Ljava/util/HashMap;[Ljava/util/HashMap$Node;ILjava/lang/Object;Ljava/lang/Object;)Ljava/util/HashMap$TreeNode; @ 236
Event: 3.228 Thread 0x0000027809336000 Uncommon trap: reason=class_check action=maybe_recompile pc=0x000002780afce9c0 method=java.util.HashMap$TreeNode.putTreeVal(Ljava/util/HashMap;[Ljava/util/HashMap$Node;ILjava/lang/Object;Ljava/lang/Object;)Ljava/util/HashMap$TreeNode; @ 236
Event: 3.229 Thread 0x0000027809336000 Uncommon trap: reason=class_check action=maybe_recompile pc=0x000002780afce9c0 method=java.util.HashMap$TreeNode.putTreeVal(Ljava/util/HashMap;[Ljava/util/HashMap$Node;ILjava/lang/Object;Ljava/lang/Object;)Ljava/util/HashMap$TreeNode; @ 236
Event: 3.278 Thread 0x0000027809336000 Uncommon trap: reason=unstable_if action=reinterpret pc=0x000002780afa0dcc method=brut.androlib.res.decoder.StringBlock.getString(I)Ljava/lang/String; @ 1
Event: 3.279 Thread 0x0000027809336000 Uncommon trap: reason=class_check action=maybe_recompile pc=0x000002780b0bb7a8 method=com.google.common.io.LittleEndianDataInputStream.skipBytes(I)I @ 6
Event: 3.279 Thread 0x0000027809336000 Uncommon trap: reason=class_check action=maybe_recompile pc=0x000002780b0bb7a8 method=com.google.common.io.LittleEndianDataInputStream.skipBytes(I)I @ 6
Event: 3.279 Thread 0x0000027809336000 Uncommon trap: reason=class_check action=maybe_recompile pc=0x000002780b0bb7a8 method=com.google.common.io.LittleEndianDataInputStream.skipBytes(I)I @ 6
Event: 3.279 Thread 0x0000027809336000 Uncommon trap: reason=class_check action=maybe_recompile pc=0x000002780b0bb7a8 method=com.google.common.io.LittleEndianDataInputStream.skipBytes(I)I @ 6
Event: 3.354 Thread 0x0000027809336000 Uncommon trap: reason=unstable_if action=reinterpret pc=0x000002780af9bc58 method=java.util.Locale.equals(Ljava/lang/Object;)Z @ 2

Classes redefined (0 events):
No events

Internal exceptions (6 events):
Event: 0.036 Thread 0x0000027809336000 Exception <a 'java/lang/NoSuchMethodError': Method sun.misc.Unsafe.defineClass(Ljava/lang/String;[BII)Ljava/lang/Class; name or signature does not match> (0x000000076b507cc0) thrown at [C:\jenkins\workspace\8-2-build-windows-amd64-cygwin\jdk8u271\605\hots
Event: 0.036 Thread 0x0000027809336000 Exception <a 'java/lang/NoSuchMethodError': Method sun.misc.Unsafe.prefetchRead(Ljava/lang/Object;J)V name or signature does not match> (0x000000076b507fa8) thrown at [C:\jenkins\workspace\8-2-build-windows-amd64-cygwin\jdk8u271\605\hotspot\src\share\vm\p
Event: 0.167 Thread 0x0000027809336000 Exception <a 'java/security/PrivilegedActionException'> (0x000000076b7e58b0) thrown at [C:\jenkins\workspace\8-2-build-windows-amd64-cygwin\jdk8u271\605\hotspot\src\share\vm\prims\jvm.cpp, line 1512]
Event: 0.167 Thread 0x0000027809336000 Exception <a 'java/security/PrivilegedActionException'> (0x000000076b7e5ac0) thrown at [C:\jenkins\workspace\8-2-build-windows-amd64-cygwin\jdk8u271\605\hotspot\src\share\vm\prims\jvm.cpp, line 1512]
Event: 0.167 Thread 0x0000027809336000 Exception <a 'java/security/PrivilegedActionException'> (0x000000076b7e9730) thrown at [C:\jenkins\workspace\8-2-build-windows-amd64-cygwin\jdk8u271\605\hotspot\src\share\vm\prims\jvm.cpp, line 1512]
Event: 0.167 Thread 0x0000027809336000 Exception <a 'java/security/PrivilegedActionException'> (0x000000076b7e9940) thrown at [C:\jenkins\workspace\8-2-build-windows-amd64-cygwin\jdk8u271\605\hotspot\src\share\vm\prims\jvm.cpp, line 1512]

Events (10 events):
Event: 3.365 loading class sun/nio/cs/ext/MacRoman
Event: 3.365 loading class sun/nio/cs/ext/MacRoman done
Event: 3.365 loading class sun/nio/cs/ext/EUC_JP
Event: 3.365 loading class sun/nio/cs/ext/EUC_JP done
Event: 3.366 loading class sun/nio/cs/ext/IBM297
Event: 3.366 loading class sun/nio/cs/ext/IBM297 done
Event: 3.366 loading class sun/nio/cs/ext/EUC_CN
Event: 3.366 loading class sun/nio/cs/ext/EUC_CN done
Event: 3.366 loading class sun/nio/cs/ext/IBM037
Event: 3.366 loading class sun/nio/cs/ext/IBM037 done


Dynamic libraries:
0x00007ff6a6a10000 - 0x00007ff6a6a57000 	C:\ProgramData\Oracle\Java\javapath\java.exe
0x00007ffc37ce0000 - 0x00007ffc37ed0000 	C:\WINDOWS\SYSTEM32\ntdll.dll
0x00007ffc36940000 - 0x00007ffc369f2000 	C:\WINDOWS\System32\KERNEL32.DLL
0x00007ffc34c70000 - 0x00007ffc34f15000 	C:\WINDOWS\System32\KERNELBASE.dll
0x00007ffc37890000 - 0x00007ffc37933000 	C:\WINDOWS\System32\ADVAPI32.dll
0x00007ffc37a80000 - 0x00007ffc37b1e000 	C:\WINDOWS\System32\msvcrt.dll
0x00007ffc379c0000 - 0x00007ffc37a57000 	C:\WINDOWS\System32\sechost.dll
0x00007ffc37b20000 - 0x00007ffc37c40000 	C:\WINDOWS\System32\RPCRT4.dll
0x00007ffc37250000 - 0x00007ffc373e4000 	C:\WINDOWS\System32\USER32.dll
0x00007ffc35cb0000 - 0x00007ffc35cd1000 	C:\WINDOWS\System32\win32u.dll
0x00007ffc37860000 - 0x00007ffc37886000 	C:\WINDOWS\System32\GDI32.dll
0x00007ffc351a0000 - 0x00007ffc35336000 	C:\WINDOWS\System32\gdi32full.dll
0x00007ffc34fb0000 - 0x00007ffc3504e000 	C:\WINDOWS\System32\msvcp_win.dll
0x00007ffc350a0000 - 0x00007ffc3519a000 	C:\WINDOWS\System32\ucrtbase.dll
0x00007ffc1f960000 - 0x00007ffc1fbe4000 	C:\WINDOWS\WinSxS\amd64_microsoft.windows.common-controls_6595b64144ccf1df_6.0.18362.1256_none_9e7e379be45e40e2\COMCTL32.dll
0x00007ffc37520000 - 0x00007ffc37856000 	C:\WINDOWS\System32\combase.dll
0x00007ffc35340000 - 0x00007ffc353c1000 	C:\WINDOWS\System32\bcryptPrimitives.dll
0x00007ffc36730000 - 0x00007ffc3675e000 	C:\WINDOWS\System32\IMM32.DLL
0x00007ffc22ea0000 - 0x00007ffc22eb5000 	C:\Program Files\Java\jre1.8.0_271\bin\vcruntime140.dll
0x00007ffbf9340000 - 0x00007ffbf93db000 	C:\Program Files\Java\jre1.8.0_271\bin\msvcp140.dll
0x00000000685c0000 - 0x0000000068e2f000 	C:\Program Files\Java\jre1.8.0_271\bin\server\jvm.dll
0x00007ffc36720000 - 0x00007ffc36728000 	C:\WINDOWS\System32\PSAPI.DLL
0x00007ffc2b2d0000 - 0x00007ffc2b2f4000 	C:\WINDOWS\SYSTEM32\WINMM.dll
0x00007ffc24aa0000 - 0x00007ffc24aa9000 	C:\WINDOWS\SYSTEM32\WSOCK32.dll
0x00007ffc2db10000 - 0x00007ffc2db1a000 	C:\WINDOWS\SYSTEM32\VERSION.dll
0x00007ffc36a10000 - 0x00007ffc36a7f000 	C:\WINDOWS\System32\WS2_32.dll
0x00007ffc2b2a0000 - 0x00007ffc2b2cd000 	C:\WINDOWS\SYSTEM32\winmmbase.dll
0x00007ffc35050000 - 0x00007ffc3509a000 	C:\WINDOWS\System32\cfgmgr32.dll
0x00007ffc34bb0000 - 0x00007ffc34bc1000 	C:\WINDOWS\System32\kernel.appcore.dll
0x00007ffc25990000 - 0x00007ffc259a0000 	C:\Program Files\Java\jre1.8.0_271\bin\verify.dll
0x00007ffc15440000 - 0x00007ffc1546b000 	C:\Program Files\Java\jre1.8.0_271\bin\java.dll
0x00007ffc19930000 - 0x00007ffc19948000 	C:\Program Files\Java\jre1.8.0_271\bin\zip.dll
0x00007ffc36a80000 - 0x00007ffc37167000 	C:\WINDOWS\System32\SHELL32.dll
0x00007ffc37460000 - 0x00007ffc37509000 	C:\WINDOWS\System32\shcore.dll
0x00007ffc35520000 - 0x00007ffc35ca1000 	C:\WINDOWS\System32\windows.storage.dll
0x00007ffc34c20000 - 0x00007ffc34c43000 	C:\WINDOWS\System32\profapi.dll
0x00007ffc34bd0000 - 0x00007ffc34c1a000 	C:\WINDOWS\System32\powrprof.dll
0x00007ffc34b80000 - 0x00007ffc34b90000 	C:\WINDOWS\System32\UMPDC.dll
0x00007ffc371f0000 - 0x00007ffc37242000 	C:\WINDOWS\System32\shlwapi.dll
0x00007ffc34c50000 - 0x00007ffc34c67000 	C:\WINDOWS\System32\cryptsp.dll
0x00007ffc2d360000 - 0x00007ffc2d554000 	C:\WINDOWS\SYSTEM32\dbghelp.dll

VM Arguments:
jvm_args: -Duser.language=en -Dfile.encoding=UTF8 
java_command: C:\Windows\apktool.jar -q d -f D:/5th\Honours\Code\dataset\malware/drebin-2\97c657e744a8f2c78b0c7895d93e0afd9a11335d4bbd090a13876ba02b8af6bd -o D:/5th/Honours/Code/Utility/maltmp\97c657e744a8f2c78b0c7895d93e0afd9a11335d4bbd090a13876ba02b8af6bd.smali -s -r --no-assets --force-manifest
java_class_path (initial): C:\Windows\apktool.jar
Launcher Type: SUN_STANDARD

Environment Variables:
PATH=D:\Anaconda\envs\code;D:\Anaconda\envs\code\Library\mingw-w64\bin;D:\Anaconda\envs\code\Library\usr\bin;D:\Anaconda\envs\code\Library\bin;D:\Anaconda\envs\code\Scripts;D:\Anaconda\envs\code\bin;D:\Anaconda\condabin;C:\ProgramData\Oracle\Java\javapath;C:\Program Files\NVIDIA GPU Computing Toolkit\CUDA\v11.1\bin;C:\Program Files\NVIDIA GPU Computing Toolkit\CUDA\v11.1\libnvvp;c:\program files (x86)\intel\icls client;c:\program files\intel\icls client;c:\windows\system32;c:\windows;c:\windows\system32\wbem;c:\windows\system32\windowspowershell\v1.0;c:\program files (x86)\intel\intel(r) management engine components\dal;c:\program files\intel\intel(r) management engine components\dal;c:\program files (x86)\intel\intel(r) management engine components\ipt;c:\program files\intel\intel(r) management engine components\ipt;c:\program files\intel\wifi\bin;c:\program files\common files\intel\wirelesscommon;c:\windows\system32\openssh;c:\program files\git\cmd;C:\Program Files\dotnet;D:\MATLAB\R2019b\bin;C:\WINDOWS\system32;C:\WINDOWS;C:\WINDOWS\System32\Wbem;C:\WINDOWS\System32\WindowsPowerShell\v1.0;C:\WINDOWS\System32\OpenSSH;C:\Program Files (x86)\NVIDIA Corporation\PhysX\Common;C:\Program Files\PuTTY;C:\Program Files\NVIDIA Corporation\Nsight Compute 2020.2.1;C:\Program Files\NVIDIA Corporation\NVIDIA NvDLISR;C:\Program Files (x86)\Java\jdk1.8.0_121\bin;C:\Users\aidanocc\AppData\Local\Microsoft\WindowsApps;D:\Anaconda\Scripts\conda.exe;D:\Anaconda\python.exe;C:\Users\aidanocc\AppData\Local\GitHubDesktop\bin;D:\Latex\miktex\bin\x64;D:\Anaconda;D:\Microsoft VS Code\bin;.
USERNAME=aidanocc
OS=Windows_NT
PROCESSOR_IDENTIFIER=Intel64 Family 6 Model 94 Stepping 3, GenuineIntel



---------------  S Y S T E M  ---------------

OS: Windows 10.0 , 64 bit Build 18362 (10.0.18362.1110)

CPU:total 8 (initial active 8) (4 cores per cpu, 2 threads per core) family 6 model 94 stepping 3, cmov, cx8, fxsr, mmx, sse, sse2, sse3, ssse3, sse4.1, sse4.2, popcnt, avx, avx2, aes, clmul, erms, rtm, 3dnowpref, lzcnt, ht, tsc, tscinvbit, bmi1, bmi2, adx

Memory: 4k page, physical 16650360k(4420196k free), swap 20968192k(3160k free)

vm_info: Java HotSpot(TM) 64-Bit Server VM (25.271-b09) for windows-amd64 JRE (1.8.0_271-b09), built on Sep 16 2020 19:14:59 by "" with MS VC++ 15.9 (VS2017)

time: Tue Dec 15 21:56:39 2020
timezone: Eastern Standard Time
elapsed time: 3.399637 seconds (0d 0h 0m 3s)

