#
# There is insufficient memory for the Java Runtime Environment to continue.
# Native memory allocation (malloc) failed to allocate 32744 bytes for ChunkPool::allocate
# Possible reasons:
#   The system is out of physical RAM or swap space
#   The process is running with CompressedOops enabled, and the Java Heap may be blocking the growth of the native heap
# Possible solutions:
#   Reduce memory load on the system
#   Increase physical memory or swap space
#   Check if swap backing store is full
#   Decrease Java heap size (-Xmx/-Xms)
#   Decrease number of Java threads
#   Decrease Java thread stack sizes (-Xss)
#   Set larger code cache with -XX:ReservedCodeCacheSize=
#   JVM is running with Zero Based Compressed Oops mode in which the Java heap is
#     placed in the first 32GB address space. The Java Heap base address is the
#     maximum limit for the native heap growth. Please use -XX:HeapBaseMinAddress
#     to set the Java Heap base and to place the Java Heap above 32GB virtual address.
# This output file may be truncated or incomplete.
#
#  Out of Memory Error (allocation.cpp:272), pid=5024, tid=0x0000000000004694
#
# JRE version: Java(TM) SE Runtime Environment (8.0_271-b09) (build 1.8.0_271-b09)
# Java VM: Java HotSpot(TM) 64-Bit Server VM (25.271-b09 mixed mode windows-amd64 compressed oops)
# Failed to write core dump. Minidumps are not enabled by default on client versions of Windows
#

---------------  T H R E A D  ---------------

Current thread (0x00000208fcd48000):  JavaThread "C2 CompilerThread2" daemon [_thread_in_native, id=18068, stack(0x000000d681000000,0x000000d681100000)]

Stack: [0x000000d681000000,0x000000d681100000]
Native frames: (J=compiled Java code, j=interpreted, Vv=VM code, C=native code)
V  [jvm.dll+0x33f6c9]
V  [jvm.dll+0x286122]
V  [jvm.dll+0x286dcd]
V  [jvm.dll+0x27d805]
V  [jvm.dll+0xe5bed]
V  [jvm.dll+0xe5f4c]
V  [jvm.dll+0xe5a9d]
V  [jvm.dll+0x4d62cf]
V  [jvm.dll+0x4f0efa]
V  [jvm.dll+0x447e82]
V  [jvm.dll+0x450c25]
V  [jvm.dll+0x44ffe5]
V  [jvm.dll+0x43aef7]
V  [jvm.dll+0xbc3eb]
V  [jvm.dll+0xbaa4b]
V  [jvm.dll+0x24e7c2]
V  [jvm.dll+0x2a2dcc]
C  [ucrtbase.dll+0x210b2]
C  [KERNEL32.DLL+0x17c24]
C  [ntdll.dll+0x6d4d1]


Current CompileTask:
C2:   1158  633       4       brut.androlib.res.decoder.ARSCDecoder::addMissingResSpecs (199 bytes)


---------------  P R O C E S S  ---------------

Java Threads: ( => current thread )
  0x00000208fcd6e000 JavaThread "Service Thread" daemon [_thread_blocked, id=25440, stack(0x000000d681200000,0x000000d681300000)]
  0x00000208fcd52800 JavaThread "C1 CompilerThread3" daemon [_thread_blocked, id=25144, stack(0x000000d681100000,0x000000d681200000)]
=>0x00000208fcd48000 JavaThread "C2 CompilerThread2" daemon [_thread_in_native, id=18068, stack(0x000000d681000000,0x000000d681100000)]
  0x00000208fcd3e000 JavaThread "C2 CompilerThread1" daemon [_thread_in_native, id=21984, stack(0x000000d680f00000,0x000000d681000000)]
  0x00000208fcd3a800 JavaThread "C2 CompilerThread0" daemon [_thread_in_native, id=25212, stack(0x000000d680e00000,0x000000d680f00000)]
  0x00000208fccee000 JavaThread "Attach Listener" daemon [_thread_blocked, id=25204, stack(0x000000d680d00000,0x000000d680e00000)]
  0x00000208fccd8800 JavaThread "Signal Dispatcher" daemon [_thread_blocked, id=25208, stack(0x000000d680c00000,0x000000d680d00000)]
  0x00000208fccc0000 JavaThread "Finalizer" daemon [_thread_blocked, id=23140, stack(0x000000d680b00000,0x000000d680c00000)]
  0x00000208fcc99000 JavaThread "Reference Handler" daemon [_thread_blocked, id=24860, stack(0x000000d680a00000,0x000000d680b00000)]
  0x00000208e1697800 JavaThread "main" [_thread_in_Java, id=6292, stack(0x000000d680000000,0x000000d680100000)]

Other Threads:
  0x00000208fcc93000 VMThread [stack: 0x000000d680900000,0x000000d680a00000] [id=10084]
  0x00000208fe147800 WatcherThread [stack: 0x000000d681300000,0x000000d681400000] [id=8380]

VM state:not at safepoint (normal execution)

VM Mutex/Monitor currently owned by a thread: None

heap address: 0x00000006c1e00000, size: 4066 MB, Compressed Oops mode: Zero based, Oop shift amount: 3
Narrow klass base: 0x0000000000000000, Narrow klass shift: 3
Compressed class space size: 1073741824 Address: 0x00000007c0000000

Heap:
 PSYoungGen      total 141824K, used 13315K [0x000000076b500000, 0x0000000774a00000, 0x00000007c0000000)
  eden space 131072K, 1% used [0x000000076b500000,0x000000076b788a68,0x0000000773500000)
  from space 10752K, 99% used [0x0000000773f80000,0x00000007749f81c0,0x0000000774a00000)
  to   space 10752K, 0% used [0x0000000773500000,0x0000000773500000,0x0000000773f80000)
 ParOldGen       total 175104K, used 23416K [0x00000006c1e00000, 0x00000006cc900000, 0x000000076b500000)
  object space 175104K, 13% used [0x00000006c1e00000,0x00000006c34de398,0x00000006cc900000)
 Metaspace       used 4563K, capacity 5268K, committed 5504K, reserved 1056768K
  class space    used 494K, capacity 528K, committed 640K, reserved 1048576K

Card table byte_map: [0x00000208f2320000,0x00000208f2b20000] byte_map_base: 0x00000208eed11000

Marking Bits: (ParMarkBitMap*) 0x0000000068db7fe0
 Begin Bits: [0x00000208f3070000, 0x00000208f6ff8000)
 End Bits:   [0x00000208f6ff8000, 0x00000208faf80000)

Polling page: 0x00000208e2f30000

CodeCache: size=245760Kb used=3077Kb max_used=3089Kb free=242682Kb
 bounds [0x00000208e2f60000, 0x00000208e3270000, 0x00000208f1f60000]
 total_blobs=887 nmethods=626 adapters=174
 compilation: enabled

Compilation events (10 events):
Event: 1.076 Thread 0x00000208fcd52800  629       3       java.util.ArrayList::<init> (12 bytes)
Event: 1.076 Thread 0x00000208fcd52800 nmethod 629 0x00000208e3252510 code [0x00000208e3252680, 0x00000208e3252918]
Event: 1.085 Thread 0x00000208fcd52800  632       3       java.util.Arrays::copyOf (13 bytes)
Event: 1.086 Thread 0x00000208fcd52800 nmethod 632 0x00000208e32520d0 code [0x00000208e3252240, 0x00000208e3252450]
Event: 1.087 Thread 0x00000208fcd48000 nmethod 621% 0x00000208e3265650 code [0x00000208e3265860, 0x00000208e3266908]
Event: 1.087 Thread 0x00000208fcd48000  631       4       java.util.regex.Pattern$BmpCharProperty::match (50 bytes)
Event: 1.092 Thread 0x00000208fcd48000 nmethod 631 0x00000208e32631d0 code [0x00000208e3263340, 0x00000208e32636b8]
Event: 1.092 Thread 0x00000208fcd48000  633       4       brut.androlib.res.decoder.ARSCDecoder::addMissingResSpecs (199 bytes)
Event: 1.110 Thread 0x00000208fcd52800  634       1       java.util.logging.Level::intValue (5 bytes)
Event: 1.110 Thread 0x00000208fcd52800 nmethod 634 0x00000208e3262e50 code [0x00000208e3262fa0, 0x00000208e32630b8]

GC Heap History (3 events):
Event: 0.936 GC heap before
{Heap before GC invocations=1 (full 0):
 PSYoungGen      total 76288K, used 65536K [0x000000076b500000, 0x0000000770a00000, 0x00000007c0000000)
  eden space 65536K, 100% used [0x000000076b500000,0x000000076f500000,0x000000076f500000)
  from space 10752K, 0% used [0x000000076ff80000,0x000000076ff80000,0x0000000770a00000)
  to   space 10752K, 0% used [0x000000076f500000,0x000000076f500000,0x000000076ff80000)
 ParOldGen       total 175104K, used 0K [0x00000006c1e00000, 0x00000006cc900000, 0x000000076b500000)
  object space 175104K, 0% used [0x00000006c1e00000,0x00000006c1e00000,0x00000006cc900000)
 Metaspace       used 4537K, capacity 5268K, committed 5504K, reserved 1056768K
  class space    used 494K, capacity 528K, committed 640K, reserved 1048576K
Event: 0.954 GC heap after
Heap after GC invocations=1 (full 0):
 PSYoungGen      total 76288K, used 10723K [0x000000076b500000, 0x0000000774a00000, 0x00000007c0000000)
  eden space 65536K, 0% used [0x000000076b500000,0x000000076b500000,0x000000076f500000)
  from space 10752K, 99% used [0x000000076f500000,0x000000076ff78de0,0x000000076ff80000)
  to   space 10752K, 0% used [0x0000000773f80000,0x0000000773f80000,0x0000000774a00000)
 ParOldGen       total 175104K, used 11555K [0x00000006c1e00000, 0x00000006cc900000, 0x000000076b500000)
  object space 175104K, 6% used [0x00000006c1e00000,0x00000006c2948cb8,0x00000006cc900000)
 Metaspace       used 4537K, capacity 5268K, committed 5504K, reserved 1056768K
  class space    used 494K, capacity 528K, committed 640K, reserved 1048576K
}
Event: 1.114 GC heap before
{Heap before GC invocations=2 (full 0):
 PSYoungGen      total 76288K, used 76259K [0x000000076b500000, 0x0000000774a00000, 0x00000007c0000000)
  eden space 65536K, 100% used [0x000000076b500000,0x000000076f500000,0x000000076f500000)
  from space 10752K, 99% used [0x000000076f500000,0x000000076ff78de0,0x000000076ff80000)
  to   space 10752K, 0% used [0x0000000773f80000,0x0000000773f80000,0x0000000774a00000)
 ParOldGen       total 175104K, used 11555K [0x00000006c1e00000, 0x00000006cc900000, 0x000000076b500000)
  object space 175104K, 6% used [0x00000006c1e00000,0x00000006c2948cb8,0x00000006cc900000)
 Metaspace       used 4563K, capacity 5268K, committed 5504K, reserved 1056768K
  class space    used 494K, capacity 528K, committed 640K, reserved 1048576K

Deoptimization events (10 events):
Event: 0.624 Thread 0x00000208e1697800 Uncommon trap: reason=class_check action=maybe_recompile pc=0x00000208e315ff04 method=com.google.common.io.LittleEndianDataInputStream.readAndCheckByte()B @ 4
Event: 0.663 Thread 0x00000208e1697800 Uncommon trap: reason=unstable_if action=reinterpret pc=0x00000208e3168da4 method=brut.util.ExtDataInput.readIntArray(I)[I @ 8
Event: 0.714 Thread 0x00000208e1697800 Uncommon trap: reason=class_check action=maybe_recompile pc=0x00000208e315b180 method=java.util.HashMap.putVal(ILjava/lang/Object;Ljava/lang/Object;ZZ)Ljava/lang/Object; @ 91
Event: 0.714 Thread 0x00000208e1697800 Uncommon trap: reason=class_check action=maybe_recompile pc=0x00000208e315b180 method=java.util.HashMap.putVal(ILjava/lang/Object;Ljava/lang/Object;ZZ)Ljava/lang/Object; @ 91
Event: 0.715 Thread 0x00000208e1697800 Uncommon trap: reason=class_check action=maybe_recompile pc=0x00000208e315b180 method=java.util.HashMap.putVal(ILjava/lang/Object;Ljava/lang/Object;ZZ)Ljava/lang/Object; @ 91
Event: 0.766 Thread 0x00000208e1697800 Uncommon trap: reason=unstable_if action=reinterpret pc=0x00000208e31aa954 method=org.apache.commons.lang3.StringUtils.replace(Ljava/lang/String;Ljava/lang/String;Ljava/lang/String;I)Ljava/lang/String; @ 39
Event: 0.766 Thread 0x00000208e1697800 Uncommon trap: reason=unstable_if action=reinterpret pc=0x00000208e31ab2bc method=sun.nio.cs.UTF_8$Decoder.decodeArrayLoop(Ljava/nio/ByteBuffer;Ljava/nio/CharBuffer;)Ljava/nio/charset/CoderResult; @ 84
Event: 0.824 Thread 0x00000208e1697800 Uncommon trap: reason=unstable_if action=reinterpret pc=0x00000208e31d2df0 method=java.lang.Character.isSurrogate(C)Z @ 3
Event: 0.824 Thread 0x00000208e1697800 Uncommon trap: reason=unstable_if action=reinterpret pc=0x00000208e311c4f0 method=java.lang.Character.isSurrogate(C)Z @ 3
Event: 0.851 Thread 0x00000208e1697800 Uncommon trap: reason=unstable_if action=reinterpret pc=0x00000208e31b56e8 method=sun.nio.cs.UTF_8$Decoder.isMalformed3(III)Z @ 3

Classes redefined (0 events):
No events

Internal exceptions (6 events):
Event: 0.039 Thread 0x00000208e1697800 Exception <a 'java/lang/NoSuchMethodError': Method sun.misc.Unsafe.defineClass(Ljava/lang/String;[BII)Ljava/lang/Class; name or signature does not match> (0x000000076b507cc0) thrown at [C:\jenkins\workspace\8-2-build-windows-amd64-cygwin\jdk8u271\605\hots
Event: 0.039 Thread 0x00000208e1697800 Exception <a 'java/lang/NoSuchMethodError': Method sun.misc.Unsafe.prefetchRead(Ljava/lang/Object;J)V name or signature does not match> (0x000000076b507fa8) thrown at [C:\jenkins\workspace\8-2-build-windows-amd64-cygwin\jdk8u271\605\hotspot\src\share\vm\p
Event: 0.163 Thread 0x00000208e1697800 Exception <a 'java/security/PrivilegedActionException'> (0x000000076b7e58b0) thrown at [C:\jenkins\workspace\8-2-build-windows-amd64-cygwin\jdk8u271\605\hotspot\src\share\vm\prims\jvm.cpp, line 1512]
Event: 0.163 Thread 0x00000208e1697800 Exception <a 'java/security/PrivilegedActionException'> (0x000000076b7e5ac0) thrown at [C:\jenkins\workspace\8-2-build-windows-amd64-cygwin\jdk8u271\605\hotspot\src\share\vm\prims\jvm.cpp, line 1512]
Event: 0.164 Thread 0x00000208e1697800 Exception <a 'java/security/PrivilegedActionException'> (0x000000076b7e9730) thrown at [C:\jenkins\workspace\8-2-build-windows-amd64-cygwin\jdk8u271\605\hotspot\src\share\vm\prims\jvm.cpp, line 1512]
Event: 0.164 Thread 0x00000208e1697800 Exception <a 'java/security/PrivilegedActionException'> (0x000000076b7e9940) thrown at [C:\jenkins\workspace\8-2-build-windows-amd64-cygwin\jdk8u271\605\hotspot\src\share\vm\prims\jvm.cpp, line 1512]

Events (10 events):
Event: 0.875 Thread 0x00000208e1697800 DEOPT UNPACKING pc=0x00000208e2fa7898 sp=0x000000d6800fe100 mode 0
Event: 0.889 Thread 0x00000208e1697800 DEOPT PACKING pc=0x00000208e31694de sp=0x000000d6800fe700
Event: 0.889 Thread 0x00000208e1697800 DEOPT UNPACKING pc=0x00000208e2fa7898 sp=0x000000d6800fe430 mode 0
Event: 0.936 Executing VM operation: ParallelGCFailedAllocation
Event: 0.954 Executing VM operation: ParallelGCFailedAllocation done
Event: 1.090 Thread 0x00000208e1697800 DEOPT PACKING pc=0x00000208e323ace7 sp=0x000000d6800fe7f0
Event: 1.090 Thread 0x00000208e1697800 DEOPT UNPACKING pc=0x00000208e2fa7898 sp=0x000000d6800fe5e8 mode 0
Event: 1.103 Thread 0x00000208e1697800 DEOPT PACKING pc=0x00000208e323ace7 sp=0x000000d6800fe7f0
Event: 1.103 Thread 0x00000208e1697800 DEOPT UNPACKING pc=0x00000208e2fa7898 sp=0x000000d6800fe5e8 mode 0
Event: 1.114 Executing VM operation: ParallelGCFailedAllocation


Dynamic libraries:
0x00007ff6a6a10000 - 0x00007ff6a6a57000 	C:\ProgramData\Oracle\Java\javapath\java.exe
0x00007ffc37ce0000 - 0x00007ffc37ed0000 	C:\WINDOWS\SYSTEM32\ntdll.dll
0x00007ffc36940000 - 0x00007ffc369f2000 	C:\WINDOWS\System32\KERNEL32.DLL
0x00007ffc34c70000 - 0x00007ffc34f15000 	C:\WINDOWS\System32\KERNELBASE.dll
0x00007ffc37890000 - 0x00007ffc37933000 	C:\WINDOWS\System32\ADVAPI32.dll
0x00007ffc37a80000 - 0x00007ffc37b1e000 	C:\WINDOWS\System32\msvcrt.dll
0x00007ffc379c0000 - 0x00007ffc37a57000 	C:\WINDOWS\System32\sechost.dll
0x00007ffc37b20000 - 0x00007ffc37c40000 	C:\WINDOWS\System32\RPCRT4.dll
0x00007ffc37250000 - 0x00007ffc373e4000 	C:\WINDOWS\System32\USER32.dll
0x00007ffc35cb0000 - 0x00007ffc35cd1000 	C:\WINDOWS\System32\win32u.dll
0x00007ffc37860000 - 0x00007ffc37886000 	C:\WINDOWS\System32\GDI32.dll
0x00007ffc351a0000 - 0x00007ffc35336000 	C:\WINDOWS\System32\gdi32full.dll
0x00007ffc34fb0000 - 0x00007ffc3504e000 	C:\WINDOWS\System32\msvcp_win.dll
0x00007ffc350a0000 - 0x00007ffc3519a000 	C:\WINDOWS\System32\ucrtbase.dll
0x00007ffc1f960000 - 0x00007ffc1fbe4000 	C:\WINDOWS\WinSxS\amd64_microsoft.windows.common-controls_6595b64144ccf1df_6.0.18362.1256_none_9e7e379be45e40e2\COMCTL32.dll
0x00007ffc37520000 - 0x00007ffc37856000 	C:\WINDOWS\System32\combase.dll
0x00007ffc35340000 - 0x00007ffc353c1000 	C:\WINDOWS\System32\bcryptPrimitives.dll
0x00007ffc36730000 - 0x00007ffc3675e000 	C:\WINDOWS\System32\IMM32.DLL
0x00007ffc22ea0000 - 0x00007ffc22eb5000 	C:\Program Files\Java\jre1.8.0_271\bin\vcruntime140.dll
0x00007ffbf9340000 - 0x00007ffbf93db000 	C:\Program Files\Java\jre1.8.0_271\bin\msvcp140.dll
0x00000000685c0000 - 0x0000000068e2f000 	C:\Program Files\Java\jre1.8.0_271\bin\server\jvm.dll
0x00007ffc36720000 - 0x00007ffc36728000 	C:\WINDOWS\System32\PSAPI.DLL
0x00007ffc2db10000 - 0x00007ffc2db1a000 	C:\WINDOWS\SYSTEM32\VERSION.dll
0x00007ffc2b2d0000 - 0x00007ffc2b2f4000 	C:\WINDOWS\SYSTEM32\WINMM.dll
0x00007ffc24aa0000 - 0x00007ffc24aa9000 	C:\WINDOWS\SYSTEM32\WSOCK32.dll
0x00007ffc36a10000 - 0x00007ffc36a7f000 	C:\WINDOWS\System32\WS2_32.dll
0x00007ffc2b2a0000 - 0x00007ffc2b2cd000 	C:\WINDOWS\SYSTEM32\WINMMBASE.dll
0x00007ffc35050000 - 0x00007ffc3509a000 	C:\WINDOWS\System32\cfgmgr32.dll
0x00007ffc34bb0000 - 0x00007ffc34bc1000 	C:\WINDOWS\System32\kernel.appcore.dll
0x00007ffc25990000 - 0x00007ffc259a0000 	C:\Program Files\Java\jre1.8.0_271\bin\verify.dll
0x00007ffc15440000 - 0x00007ffc1546b000 	C:\Program Files\Java\jre1.8.0_271\bin\java.dll
0x00007ffc19930000 - 0x00007ffc19948000 	C:\Program Files\Java\jre1.8.0_271\bin\zip.dll
0x00007ffc36a80000 - 0x00007ffc37167000 	C:\WINDOWS\System32\SHELL32.dll
0x00007ffc37460000 - 0x00007ffc37509000 	C:\WINDOWS\System32\shcore.dll
0x00007ffc35520000 - 0x00007ffc35ca1000 	C:\WINDOWS\System32\windows.storage.dll
0x00007ffc34c20000 - 0x00007ffc34c43000 	C:\WINDOWS\System32\profapi.dll
0x00007ffc34bd0000 - 0x00007ffc34c1a000 	C:\WINDOWS\System32\powrprof.dll
0x00007ffc34b80000 - 0x00007ffc34b90000 	C:\WINDOWS\System32\UMPDC.dll
0x00007ffc371f0000 - 0x00007ffc37242000 	C:\WINDOWS\System32\shlwapi.dll
0x00007ffc34c50000 - 0x00007ffc34c67000 	C:\WINDOWS\System32\cryptsp.dll
0x00007ffc2d360000 - 0x00007ffc2d554000 	C:\WINDOWS\SYSTEM32\dbghelp.dll

VM Arguments:
jvm_args: -Duser.language=en -Dfile.encoding=UTF8 
java_command: C:\Windows\apktool.jar -q d -f D:/5th\Honours\Code\dataset\malware/drebin-2\91ff1dd717cfdd42e71f045d3614d15f9a396b0d4dc4d9af893fa4526db28279 -o D:/5th/Honours/Code/Utility/maltmp\91ff1dd717cfdd42e71f045d3614d15f9a396b0d4dc4d9af893fa4526db28279.smali -s -r --no-assets --force-manifest
java_class_path (initial): C:\Windows\apktool.jar
Launcher Type: SUN_STANDARD

Environment Variables:
PATH=D:\Anaconda\envs\code;D:\Anaconda\envs\code\Library\mingw-w64\bin;D:\Anaconda\envs\code\Library\usr\bin;D:\Anaconda\envs\code\Library\bin;D:\Anaconda\envs\code\Scripts;D:\Anaconda\envs\code\bin;D:\Anaconda\condabin;C:\ProgramData\Oracle\Java\javapath;C:\Program Files\NVIDIA GPU Computing Toolkit\CUDA\v11.1\bin;C:\Program Files\NVIDIA GPU Computing Toolkit\CUDA\v11.1\libnvvp;c:\program files (x86)\intel\icls client;c:\program files\intel\icls client;c:\windows\system32;c:\windows;c:\windows\system32\wbem;c:\windows\system32\windowspowershell\v1.0;c:\program files (x86)\intel\intel(r) management engine components\dal;c:\program files\intel\intel(r) management engine components\dal;c:\program files (x86)\intel\intel(r) management engine components\ipt;c:\program files\intel\intel(r) management engine components\ipt;c:\program files\intel\wifi\bin;c:\program files\common files\intel\wirelesscommon;c:\windows\system32\openssh;c:\program files\git\cmd;C:\Program Files\dotnet;D:\MATLAB\R2019b\bin;C:\WINDOWS\system32;C:\WINDOWS;C:\WINDOWS\System32\Wbem;C:\WINDOWS\System32\WindowsPowerShell\v1.0;C:\WINDOWS\System32\OpenSSH;C:\Program Files (x86)\NVIDIA Corporation\PhysX\Common;C:\Program Files\PuTTY;C:\Program Files\NVIDIA Corporation\Nsight Compute 2020.2.1;C:\Program Files\NVIDIA Corporation\NVIDIA NvDLISR;C:\Program Files (x86)\Java\jdk1.8.0_121\bin;C:\Users\aidanocc\AppData\Local\Microsoft\WindowsApps;D:\Anaconda\Scripts\conda.exe;D:\Anaconda\python.exe;C:\Users\aidanocc\AppData\Local\GitHubDesktop\bin;D:\Latex\miktex\bin\x64;D:\Anaconda;D:\Microsoft VS Code\bin;.
USERNAME=aidanocc
OS=Windows_NT
PROCESSOR_IDENTIFIER=Intel64 Family 6 Model 94 Stepping 3, GenuineIntel



---------------  S Y S T E M  ---------------

OS: Windows 10.0 , 64 bit Build 18362 (10.0.18362.1110)

CPU:total 8 (initial active 8) (4 cores per cpu, 2 threads per core) family 6 model 94 stepping 3, cmov, cx8, fxsr, mmx, sse, sse2, sse3, ssse3, sse4.1, sse4.2, popcnt, avx, avx2, aes, clmul, erms, rtm, 3dnowpref, lzcnt, ht, tsc, tscinvbit, bmi1, bmi2, adx

Memory: 4k page, physical 16650360k(4385648k free), swap 20968192k(4464k free)

vm_info: Java HotSpot(TM) 64-Bit Server VM (25.271-b09) for windows-amd64 JRE (1.8.0_271-b09), built on Sep 16 2020 19:14:59 by "" with MS VC++ 15.9 (VS2017)

time: Tue Dec 15 21:49:01 2020
timezone: Eastern Standard Time
elapsed time: 1.163479 seconds (0d 0h 0m 1s)

