#
# There is insufficient memory for the Java Runtime Environment to continue.
# Native memory allocation (malloc) failed to allocate 772976 bytes for Chunk::new
# Possible reasons:
#   The system is out of physical RAM or swap space
#   The process is running with CompressedOops enabled, and the Java Heap may be blocking the growth of the native heap
# Possible solutions:
#   Reduce memory load on the system
#   Increase physical memory or swap space
#   Check if swap backing store is full
#   Decrease Java heap size (-Xmx/-Xms)
#   Decrease number of Java threads
#   Decrease Java thread stack sizes (-Xss)
#   Set larger code cache with -XX:ReservedCodeCacheSize=
#   JVM is running with Zero Based Compressed Oops mode in which the Java heap is
#     placed in the first 32GB address space. The Java Heap base address is the
#     maximum limit for the native heap growth. Please use -XX:HeapBaseMinAddress
#     to set the Java Heap base and to place the Java Heap above 32GB virtual address.
# This output file may be truncated or incomplete.
#
#  Out of Memory Error (allocation.cpp:389), pid=23060, tid=0x00000000000055e8
#
# JRE version: Java(TM) SE Runtime Environment (8.0_271-b09) (build 1.8.0_271-b09)
# Java VM: Java HotSpot(TM) 64-Bit Server VM (25.271-b09 mixed mode windows-amd64 compressed oops)
# Failed to write core dump. Minidumps are not enabled by default on client versions of Windows
#

---------------  T H R E A D  ---------------

Current thread (0x0000018aec7b0800):  JavaThread "C2 CompilerThread2" daemon [_thread_in_native, id=21992, stack(0x0000007743c00000,0x0000007743d00000)]

Stack: [0x0000007743c00000,0x0000007743d00000]
Native frames: (J=compiled Java code, j=interpreted, Vv=VM code, C=native code)
V  [jvm.dll+0x33f6c9]
V  [jvm.dll+0x286122]
V  [jvm.dll+0x286dcd]
V  [jvm.dll+0x27d805]
V  [jvm.dll+0xe574c]
V  [jvm.dll+0xe5f4c]
V  [jvm.dll+0x462b72]
V  [jvm.dll+0x49df9d]
V  [jvm.dll+0x452bf1]
V  [jvm.dll+0x44feb4]
V  [jvm.dll+0x43aef7]
V  [jvm.dll+0xbc3eb]
V  [jvm.dll+0xbaa4b]
V  [jvm.dll+0x24e7c2]
V  [jvm.dll+0x2a2dcc]
C  [ucrtbase.dll+0x210b2]
C  [KERNEL32.DLL+0x17c24]
C  [ntdll.dll+0x6d4d1]


Current CompileTask:
C2:   4373  731   !   4       java.util.Formatter::format (271 bytes)


---------------  P R O C E S S  ---------------

Java Threads: ( => current thread )
  0x0000018aedb8a000 JavaThread "Service Thread" daemon [_thread_blocked, id=11144, stack(0x0000007743e00000,0x0000007743f00000)]
  0x0000018aec7b5800 JavaThread "C1 CompilerThread3" daemon [_thread_blocked, id=22628, stack(0x0000007743d00000,0x0000007743e00000)]
=>0x0000018aec7b0800 JavaThread "C2 CompilerThread2" daemon [_thread_in_native, id=21992, stack(0x0000007743c00000,0x0000007743d00000)]
  0x0000018aec7a9000 JavaThread "C2 CompilerThread1" daemon [_thread_in_native, id=15168, stack(0x0000007743b00000,0x0000007743c00000)]
  0x0000018aec79e000 JavaThread "C2 CompilerThread0" daemon [_thread_in_native, id=3020, stack(0x0000007743a00000,0x0000007743b00000)]
  0x0000018aec753000 JavaThread "Attach Listener" daemon [_thread_blocked, id=22356, stack(0x0000007743900000,0x0000007743a00000)]
  0x0000018aec752000 JavaThread "Signal Dispatcher" daemon [_thread_blocked, id=21724, stack(0x0000007743800000,0x0000007743900000)]
  0x0000018aec720000 JavaThread "Finalizer" daemon [_thread_blocked, id=15980, stack(0x0000007743700000,0x0000007743800000)]
  0x0000018aec6f9000 JavaThread "Reference Handler" daemon [_thread_blocked, id=14012, stack(0x0000007743600000,0x0000007743700000)]
  0x0000018ad110b000 JavaThread "main" [_thread_in_native, id=19976, stack(0x0000007742c00000,0x0000007742d00000)]

Other Threads:
  0x0000018aebafe000 VMThread [stack: 0x0000007743500000,0x0000007743600000] [id=22412]
  0x0000018aedb94000 WatcherThread [stack: 0x0000007743f00000,0x0000007744000000] [id=22944]

VM state:not at safepoint (normal execution)

VM Mutex/Monitor currently owned by a thread: None

heap address: 0x00000006c1e00000, size: 4066 MB, Compressed Oops mode: Zero based, Oop shift amount: 3
Narrow klass base: 0x0000000000000000, Narrow klass shift: 3
Compressed class space size: 1073741824 Address: 0x00000007c0000000

Heap:
 PSYoungGen      total 272896K, used 57168K [0x000000076b500000, 0x0000000789200000, 0x00000007c0000000)
  eden space 262144K, 20% used [0x000000076b500000,0x000000076e8dc1a8,0x000000077b500000)
  from space 10752K, 37% used [0x000000077b500000,0x000000077b8f8020,0x000000077bf80000)
  to   space 34304K, 0% used [0x0000000787080000,0x0000000787080000,0x0000000789200000)
 ParOldGen       total 175104K, used 53270K [0x00000006c1e00000, 0x00000006cc900000, 0x000000076b500000)
  object space 175104K, 30% used [0x00000006c1e00000,0x00000006c5205b58,0x00000006cc900000)
 Metaspace       used 5953K, capacity 6080K, committed 6400K, reserved 1056768K
  class space    used 658K, capacity 688K, committed 768K, reserved 1048576K

Card table byte_map: [0x0000018ae1da0000,0x0000018ae25a0000] byte_map_base: 0x0000018ade791000

Marking Bits: (ParMarkBitMap*) 0x0000000068db7fe0
 Begin Bits: [0x0000018ae2af0000, 0x0000018ae6a78000)
 End Bits:   [0x0000018ae6a78000, 0x0000018aeaa00000)

Polling page: 0x0000018ad1090000

CodeCache: size=245760Kb used=3843Kb max_used=3843Kb free=241917Kb
 bounds [0x0000018ad29e0000, 0x0000018ad2db0000, 0x0000018ae19e0000]
 total_blobs=1060 nmethods=786 adapters=187
 compilation: enabled

Compilation events (10 events):
Event: 4.227 Thread 0x0000018aec7b5800  756       3       brut.androlib.res.data.ResPackage::removeResSpec (15 bytes)
Event: 4.227 Thread 0x0000018aec7b5800 nmethod 756 0x0000018ad2d84310 code [0x0000018ad2d84480, 0x0000018ad2d846d0]
Event: 4.227 Thread 0x0000018aec7b5800  755       3       brut.androlib.res.decoder.ARSCDecoder::removeResSpec (31 bytes)
Event: 4.227 Thread 0x0000018aec7b5800 nmethod 755 0x0000018ad2d8af90 code [0x0000018ad2d8b160, 0x0000018ad2d8b8c0]
Event: 4.227 Thread 0x0000018aec7b5800  757       3       brut.androlib.res.data.ResTypeSpec::removeResSpec (15 bytes)
Event: 4.228 Thread 0x0000018aec7b5800 nmethod 757 0x0000018ad2d8a910 code [0x0000018ad2d8aaa0, 0x0000018ad2d8ade0]
Event: 4.270 Thread 0x0000018aec7b5800  760       3       java.util.LinkedHashMap::replacementTreeNode (37 bytes)
Event: 4.271 Thread 0x0000018aec7b5800 nmethod 760 0x0000018ad2d905d0 code [0x0000018ad2d90760, 0x0000018ad2d90c50]
Event: 4.271 Thread 0x0000018aec7b5800  761       3       java.util.LinkedHashMap::transferLinks (58 bytes)
Event: 4.271 Thread 0x0000018aec7b5800 nmethod 761 0x0000018ad2d90050 code [0x0000018ad2d901c0, 0x0000018ad2d90498]

GC Heap History (10 events):
Event: 2.608 GC heap before
{Heap before GC invocations=5 (full 0):
 PSYoungGen      total 272896K, used 272864K [0x000000076b500000, 0x000000077ca00000, 0x00000007c0000000)
  eden space 262144K, 100% used [0x000000076b500000,0x000000077b500000,0x000000077b500000)
  from space 10752K, 99% used [0x000000077bf80000,0x000000077c9f8340,0x000000077ca00000)
  to   space 10752K, 0% used [0x000000077b500000,0x000000077b500000,0x000000077bf80000)
 ParOldGen       total 175104K, used 41861K [0x00000006c1e00000, 0x00000006cc900000, 0x000000076b500000)
  object space 175104K, 23% used [0x00000006c1e00000,0x00000006c46e1578,0x00000006cc900000)
 Metaspace       used 4609K, capacity 5268K, committed 5504K, reserved 1056768K
  class space    used 495K, capacity 528K, committed 640K, reserved 1048576K
Event: 2.624 GC heap after
Heap after GC invocations=5 (full 0):
 PSYoungGen      total 272896K, used 10736K [0x000000076b500000, 0x000000077ca00000, 0x00000007c0000000)
  eden space 262144K, 0% used [0x000000076b500000,0x000000076b500000,0x000000077b500000)
  from space 10752K, 99% used [0x000000077b500000,0x000000077bf7c2f0,0x000000077bf80000)
  to   space 10752K, 0% used [0x000000077bf80000,0x000000077bf80000,0x000000077ca00000)
 ParOldGen       total 175104K, used 42221K [0x00000006c1e00000, 0x00000006cc900000, 0x000000076b500000)
  object space 175104K, 24% used [0x00000006c1e00000,0x00000006c473b588,0x00000006cc900000)
 Metaspace       used 4609K, capacity 5268K, committed 5504K, reserved 1056768K
  class space    used 495K, capacity 528K, committed 640K, reserved 1048576K
}
Event: 3.031 GC heap before
{Heap before GC invocations=6 (full 0):
 PSYoungGen      total 272896K, used 272880K [0x000000076b500000, 0x000000077ca00000, 0x00000007c0000000)
  eden space 262144K, 100% used [0x000000076b500000,0x000000077b500000,0x000000077b500000)
  from space 10752K, 99% used [0x000000077b500000,0x000000077bf7c2f0,0x000000077bf80000)
  to   space 10752K, 0% used [0x000000077bf80000,0x000000077bf80000,0x000000077ca00000)
 ParOldGen       total 175104K, used 42221K [0x00000006c1e00000, 0x00000006cc900000, 0x000000076b500000)
  object space 175104K, 24% used [0x00000006c1e00000,0x00000006c473b588,0x00000006cc900000)
 Metaspace       used 4609K, capacity 5268K, committed 5504K, reserved 1056768K
  class space    used 495K, capacity 528K, committed 640K, reserved 1048576K
Event: 3.048 GC heap after
Heap after GC invocations=6 (full 0):
 PSYoungGen      total 272896K, used 10720K [0x000000076b500000, 0x000000077ca00000, 0x00000007c0000000)
  eden space 262144K, 0% used [0x000000076b500000,0x000000076b500000,0x000000077b500000)
  from space 10752K, 99% used [0x000000077bf80000,0x000000077c9f82e0,0x000000077ca00000)
  to   space 10752K, 0% used [0x000000077b500000,0x000000077b500000,0x000000077bf80000)
 ParOldGen       total 175104K, used 42485K [0x00000006c1e00000, 0x00000006cc900000, 0x000000076b500000)
  object space 175104K, 24% used [0x00000006c1e00000,0x00000006c477d588,0x00000006cc900000)
 Metaspace       used 4609K, capacity 5268K, committed 5504K, reserved 1056768K
  class space    used 495K, capacity 528K, committed 640K, reserved 1048576K
}
Event: 3.363 GC heap before
{Heap before GC invocations=7 (full 0):
 PSYoungGen      total 272896K, used 272864K [0x000000076b500000, 0x000000077ca00000, 0x00000007c0000000)
  eden space 262144K, 100% used [0x000000076b500000,0x000000077b500000,0x000000077b500000)
  from space 10752K, 99% used [0x000000077bf80000,0x000000077c9f82e0,0x000000077ca00000)
  to   space 10752K, 0% used [0x000000077b500000,0x000000077b500000,0x000000077bf80000)
 ParOldGen       total 175104K, used 42485K [0x00000006c1e00000, 0x00000006cc900000, 0x000000076b500000)
  object space 175104K, 24% used [0x00000006c1e00000,0x00000006c477d588,0x00000006cc900000)
 Metaspace       used 4609K, capacity 5268K, committed 5504K, reserved 1056768K
  class space    used 495K, capacity 528K, committed 640K, reserved 1048576K
Event: 3.376 GC heap after
Heap after GC invocations=7 (full 0):
 PSYoungGen      total 272896K, used 3488K [0x000000076b500000, 0x000000077ca00000, 0x00000007c0000000)
  eden space 262144K, 0% used [0x000000076b500000,0x000000076b500000,0x000000077b500000)
  from space 10752K, 32% used [0x000000077b500000,0x000000077b868140,0x000000077bf80000)
  to   space 10752K, 0% used [0x000000077bf80000,0x000000077bf80000,0x000000077ca00000)
 ParOldGen       total 175104K, used 50206K [0x00000006c1e00000, 0x00000006cc900000, 0x000000076b500000)
  object space 175104K, 28% used [0x00000006c1e00000,0x00000006c4f078c8,0x00000006cc900000)
 Metaspace       used 4609K, capacity 5268K, committed 5504K, reserved 1056768K
  class space    used 495K, capacity 528K, committed 640K, reserved 1048576K
}
Event: 3.734 GC heap before
{Heap before GC invocations=8 (full 0):
 PSYoungGen      total 272896K, used 265632K [0x000000076b500000, 0x000000077ca00000, 0x00000007c0000000)
  eden space 262144K, 100% used [0x000000076b500000,0x000000077b500000,0x000000077b500000)
  from space 10752K, 32% used [0x000000077b500000,0x000000077b868140,0x000000077bf80000)
  to   space 10752K, 0% used [0x000000077bf80000,0x000000077bf80000,0x000000077ca00000)
 ParOldGen       total 175104K, used 50206K [0x00000006c1e00000, 0x00000006cc900000, 0x000000076b500000)
  object space 175104K, 28% used [0x00000006c1e00000,0x00000006c4f078c8,0x00000006cc900000)
 Metaspace       used 4609K, capacity 5268K, committed 5504K, reserved 1056768K
  class space    used 495K, capacity 528K, committed 640K, reserved 1048576K
Event: 3.741 GC heap after
Heap after GC invocations=8 (full 0):
 PSYoungGen      total 272896K, used 1232K [0x000000076b500000, 0x000000077ca00000, 0x00000007c0000000)
  eden space 262144K, 0% used [0x000000076b500000,0x000000076b500000,0x000000077b500000)
  from space 10752K, 11% used [0x000000077bf80000,0x000000077c0b4010,0x000000077ca00000)
  to   space 10752K, 0% used [0x000000077b500000,0x000000077b500000,0x000000077bf80000)
 ParOldGen       total 175104K, used 52718K [0x00000006c1e00000, 0x00000006cc900000, 0x000000076b500000)
  object space 175104K, 30% used [0x00000006c1e00000,0x00000006c517bb58,0x00000006cc900000)
 Metaspace       used 4609K, capacity 5268K, committed 5504K, reserved 1056768K
  class space    used 495K, capacity 528K, committed 640K, reserved 1048576K
}
Event: 4.202 GC heap before
{Heap before GC invocations=9 (full 0):
 PSYoungGen      total 272896K, used 263376K [0x000000076b500000, 0x000000077ca00000, 0x00000007c0000000)
  eden space 262144K, 100% used [0x000000076b500000,0x000000077b500000,0x000000077b500000)
  from space 10752K, 11% used [0x000000077bf80000,0x000000077c0b4010,0x000000077ca00000)
  to   space 10752K, 0% used [0x000000077b500000,0x000000077b500000,0x000000077bf80000)
 ParOldGen       total 175104K, used 52718K [0x00000006c1e00000, 0x00000006cc900000, 0x000000076b500000)
  object space 175104K, 30% used [0x00000006c1e00000,0x00000006c517bb58,0x00000006cc900000)
 Metaspace       used 4615K, capacity 5268K, committed 5504K, reserved 1056768K
  class space    used 497K, capacity 528K, committed 640K, reserved 1048576K
Event: 4.211 GC heap after
Heap after GC invocations=9 (full 0):
 PSYoungGen      total 272896K, used 4064K [0x000000076b500000, 0x0000000789200000, 0x00000007c0000000)
  eden space 262144K, 0% used [0x000000076b500000,0x000000076b500000,0x000000077b500000)
  from space 10752K, 37% used [0x000000077b500000,0x000000077b8f8020,0x000000077bf80000)
  to   space 34304K, 0% used [0x0000000787080000,0x0000000787080000,0x0000000789200000)
 ParOldGen       total 175104K, used 53270K [0x00000006c1e00000, 0x00000006cc900000, 0x000000076b500000)
  object space 175104K, 30% used [0x00000006c1e00000,0x00000006c5205b58,0x00000006cc900000)
 Metaspace       used 4615K, capacity 5268K, committed 5504K, reserved 1056768K
  class space    used 497K, capacity 528K, committed 640K, reserved 1048576K
}

Deoptimization events (10 events):
Event: 4.029 Thread 0x0000018ad110b000 Uncommon trap: reason=unloaded action=reinterpret pc=0x0000018ad2c34cdc method=brut.androlib.res.data.value.ResValueFactory.factory(IILjava/lang/String;)Lbrut/androlib/res/data/value/ResScalarValue; @ 185
Event: 4.030 Thread 0x0000018ad110b000 Uncommon trap: reason=unloaded action=reinterpret pc=0x0000018ad2c173d8 method=brut.androlib.res.data.value.ResValueFactory.factory(IILjava/lang/String;)Lbrut/androlib/res/data/value/ResScalarValue; @ 185
Event: 4.032 Thread 0x0000018ad110b000 Uncommon trap: reason=unstable_if action=reinterpret pc=0x0000018ad2ccf768 method=brut.androlib.res.decoder.ARSCDecoder.addMissingResSpecs()V @ 96
Event: 4.049 Thread 0x0000018ad110b000 Uncommon trap: reason=unstable_if action=reinterpret pc=0x0000018ad2c31b1c method=brut.androlib.res.data.value.ResValueFactory.factory(Ljava/lang/String;I)Lbrut/androlib/res/data/value/ResIntBasedValue; @ 21
Event: 4.271 Thread 0x0000018ad110b000 Uncommon trap: reason=class_check action=maybe_recompile pc=0x0000018ad2bfd808 method=java.util.HashMap$TreeNode.find(ILjava/lang/Object;Ljava/lang/Class;)Ljava/util/HashMap$TreeNode; @ 68
Event: 4.272 Thread 0x0000018ad110b000 Uncommon trap: reason=class_check action=maybe_recompile pc=0x0000018ad2bfd808 method=java.util.HashMap$TreeNode.find(ILjava/lang/Object;Ljava/lang/Class;)Ljava/util/HashMap$TreeNode; @ 68
Event: 4.272 Thread 0x0000018ad110b000 Uncommon trap: reason=class_check action=maybe_recompile pc=0x0000018ad2bfd808 method=java.util.HashMap$TreeNode.find(ILjava/lang/Object;Ljava/lang/Class;)Ljava/util/HashMap$TreeNode; @ 68
Event: 4.272 Thread 0x0000018ad110b000 Uncommon trap: reason=class_check action=maybe_recompile pc=0x0000018ad2bfd808 method=java.util.HashMap$TreeNode.find(ILjava/lang/Object;Ljava/lang/Class;)Ljava/util/HashMap$TreeNode; @ 68
Event: 4.272 Thread 0x0000018ad110b000 Uncommon trap: reason=class_check action=maybe_recompile pc=0x0000018ad2bf2ed0 method=java.util.HashMap$TreeNode.find(ILjava/lang/Object;Ljava/lang/Class;)Ljava/util/HashMap$TreeNode; @ 68
Event: 4.272 Thread 0x0000018ad110b000 Uncommon trap: reason=class_check action=maybe_recompile pc=0x0000018ad2c2e2f4 method=java.util.HashMap$TreeNode.find(ILjava/lang/Object;Ljava/lang/Class;)Ljava/util/HashMap$TreeNode; @ 68

Classes redefined (0 events):
No events

Internal exceptions (6 events):
Event: 0.054 Thread 0x0000018ad110b000 Exception <a 'java/lang/NoSuchMethodError': Method sun.misc.Unsafe.defineClass(Ljava/lang/String;[BII)Ljava/lang/Class; name or signature does not match> (0x000000076b507cc0) thrown at [C:\jenkins\workspace\8-2-build-windows-amd64-cygwin\jdk8u271\605\hots
Event: 0.054 Thread 0x0000018ad110b000 Exception <a 'java/lang/NoSuchMethodError': Method sun.misc.Unsafe.prefetchRead(Ljava/lang/Object;J)V name or signature does not match> (0x000000076b507fa8) thrown at [C:\jenkins\workspace\8-2-build-windows-amd64-cygwin\jdk8u271\605\hotspot\src\share\vm\p
Event: 0.231 Thread 0x0000018ad110b000 Exception <a 'java/security/PrivilegedActionException'> (0x000000076b7e58b0) thrown at [C:\jenkins\workspace\8-2-build-windows-amd64-cygwin\jdk8u271\605\hotspot\src\share\vm\prims\jvm.cpp, line 1512]
Event: 0.231 Thread 0x0000018ad110b000 Exception <a 'java/security/PrivilegedActionException'> (0x000000076b7e5ac0) thrown at [C:\jenkins\workspace\8-2-build-windows-amd64-cygwin\jdk8u271\605\hotspot\src\share\vm\prims\jvm.cpp, line 1512]
Event: 0.232 Thread 0x0000018ad110b000 Exception <a 'java/security/PrivilegedActionException'> (0x000000076b7e9730) thrown at [C:\jenkins\workspace\8-2-build-windows-amd64-cygwin\jdk8u271\605\hotspot\src\share\vm\prims\jvm.cpp, line 1512]
Event: 0.232 Thread 0x0000018ad110b000 Exception <a 'java/security/PrivilegedActionException'> (0x000000076b7e9940) thrown at [C:\jenkins\workspace\8-2-build-windows-amd64-cygwin\jdk8u271\605\hotspot\src\share\vm\prims\jvm.cpp, line 1512]

Events (10 events):
Event: 4.272 Thread 0x0000018ad110b000 DEOPT UNPACKING pc=0x0000018ad2a25843 sp=0x0000007742cfe458 mode 2
Event: 4.272 Thread 0x0000018ad110b000 Uncommon trap: trap_request=0xffffffde fr.pc=0x0000018ad2bfd808
Event: 4.272 Thread 0x0000018ad110b000 DEOPT PACKING pc=0x0000018ad2bfd808 sp=0x0000007742cfe640
Event: 4.272 Thread 0x0000018ad110b000 DEOPT UNPACKING pc=0x0000018ad2a25843 sp=0x0000007742cfe458 mode 2
Event: 4.272 Thread 0x0000018ad110b000 Uncommon trap: trap_request=0xffffffde fr.pc=0x0000018ad2bf2ed0
Event: 4.272 Thread 0x0000018ad110b000 DEOPT PACKING pc=0x0000018ad2bf2ed0 sp=0x0000007742cfe5c0
Event: 4.272 Thread 0x0000018ad110b000 DEOPT UNPACKING pc=0x0000018ad2a25843 sp=0x0000007742cfe448 mode 2
Event: 4.272 Thread 0x0000018ad110b000 Uncommon trap: trap_request=0xffffffde fr.pc=0x0000018ad2c2e2f4
Event: 4.272 Thread 0x0000018ad110b000 DEOPT PACKING pc=0x0000018ad2c2e2f4 sp=0x0000007742cfe4b0
Event: 4.272 Thread 0x0000018ad110b000 DEOPT UNPACKING pc=0x0000018ad2a25843 sp=0x0000007742cfe448 mode 2


Dynamic libraries:
0x00007ff6a6a10000 - 0x00007ff6a6a57000 	C:\ProgramData\Oracle\Java\javapath\java.exe
0x00007ffc37ce0000 - 0x00007ffc37ed0000 	C:\WINDOWS\SYSTEM32\ntdll.dll
0x00007ffc36940000 - 0x00007ffc369f2000 	C:\WINDOWS\System32\KERNEL32.DLL
0x00007ffc34c70000 - 0x00007ffc34f15000 	C:\WINDOWS\System32\KERNELBASE.dll
0x00007ffc37890000 - 0x00007ffc37933000 	C:\WINDOWS\System32\ADVAPI32.dll
0x00007ffc37a80000 - 0x00007ffc37b1e000 	C:\WINDOWS\System32\msvcrt.dll
0x00007ffc379c0000 - 0x00007ffc37a57000 	C:\WINDOWS\System32\sechost.dll
0x00007ffc37b20000 - 0x00007ffc37c40000 	C:\WINDOWS\System32\RPCRT4.dll
0x00007ffc37250000 - 0x00007ffc373e4000 	C:\WINDOWS\System32\USER32.dll
0x00007ffc35cb0000 - 0x00007ffc35cd1000 	C:\WINDOWS\System32\win32u.dll
0x00007ffc37860000 - 0x00007ffc37886000 	C:\WINDOWS\System32\GDI32.dll
0x00007ffc351a0000 - 0x00007ffc35336000 	C:\WINDOWS\System32\gdi32full.dll
0x00007ffc34fb0000 - 0x00007ffc3504e000 	C:\WINDOWS\System32\msvcp_win.dll
0x00007ffc350a0000 - 0x00007ffc3519a000 	C:\WINDOWS\System32\ucrtbase.dll
0x00007ffc1f960000 - 0x00007ffc1fbe4000 	C:\WINDOWS\WinSxS\amd64_microsoft.windows.common-controls_6595b64144ccf1df_6.0.18362.1256_none_9e7e379be45e40e2\COMCTL32.dll
0x00007ffc37520000 - 0x00007ffc37856000 	C:\WINDOWS\System32\combase.dll
0x00007ffc35340000 - 0x00007ffc353c1000 	C:\WINDOWS\System32\bcryptPrimitives.dll
0x00007ffc36730000 - 0x00007ffc3675e000 	C:\WINDOWS\System32\IMM32.DLL
0x00007ffc15420000 - 0x00007ffc15435000 	C:\Program Files\Java\jre1.8.0_271\bin\vcruntime140.dll
0x00007ffbeb520000 - 0x00007ffbeb5bb000 	C:\Program Files\Java\jre1.8.0_271\bin\msvcp140.dll
0x00000000685c0000 - 0x0000000068e2f000 	C:\Program Files\Java\jre1.8.0_271\bin\server\jvm.dll
0x00007ffc36720000 - 0x00007ffc36728000 	C:\WINDOWS\System32\PSAPI.DLL
0x00007ffc2b2d0000 - 0x00007ffc2b2f4000 	C:\WINDOWS\SYSTEM32\WINMM.dll
0x00007ffc2db10000 - 0x00007ffc2db1a000 	C:\WINDOWS\SYSTEM32\VERSION.dll
0x00007ffc24aa0000 - 0x00007ffc24aa9000 	C:\WINDOWS\SYSTEM32\WSOCK32.dll
0x00007ffc36a10000 - 0x00007ffc36a7f000 	C:\WINDOWS\System32\WS2_32.dll
0x00007ffc2b2a0000 - 0x00007ffc2b2cd000 	C:\WINDOWS\SYSTEM32\WINMMBASE.dll
0x00007ffc35050000 - 0x00007ffc3509a000 	C:\WINDOWS\System32\cfgmgr32.dll
0x00007ffc34bb0000 - 0x00007ffc34bc1000 	C:\WINDOWS\System32\kernel.appcore.dll
0x00007ffc23010000 - 0x00007ffc23020000 	C:\Program Files\Java\jre1.8.0_271\bin\verify.dll
0x00007ffc04730000 - 0x00007ffc0475b000 	C:\Program Files\Java\jre1.8.0_271\bin\java.dll
0x00007ffc152e0000 - 0x00007ffc152f8000 	C:\Program Files\Java\jre1.8.0_271\bin\zip.dll
0x00007ffc36a80000 - 0x00007ffc37167000 	C:\WINDOWS\System32\SHELL32.dll
0x00007ffc37460000 - 0x00007ffc37509000 	C:\WINDOWS\System32\shcore.dll
0x00007ffc35520000 - 0x00007ffc35ca1000 	C:\WINDOWS\System32\windows.storage.dll
0x00007ffc34c20000 - 0x00007ffc34c43000 	C:\WINDOWS\System32\profapi.dll
0x00007ffc34bd0000 - 0x00007ffc34c1a000 	C:\WINDOWS\System32\powrprof.dll
0x00007ffc34b80000 - 0x00007ffc34b90000 	C:\WINDOWS\System32\UMPDC.dll
0x00007ffc371f0000 - 0x00007ffc37242000 	C:\WINDOWS\System32\shlwapi.dll
0x00007ffc34c50000 - 0x00007ffc34c67000 	C:\WINDOWS\System32\cryptsp.dll
0x00007ffc2d360000 - 0x00007ffc2d554000 	C:\WINDOWS\SYSTEM32\dbghelp.dll

VM Arguments:
jvm_args: -Duser.language=en -Dfile.encoding=UTF8 
java_command: C:\Windows\apktool.jar -q d -f D:/5th\Honours\Code\dataset\malware/drebin-1\7f0779d7663160b30cce6ad6ade96b1a893142e8aa0147aa70190562b1ea60ff -o D:/5th/Honours/Code/Utility/maltmp\7f0779d7663160b30cce6ad6ade96b1a893142e8aa0147aa70190562b1ea60ff.smali -s -r --no-assets --force-manifest
java_class_path (initial): C:\Windows\apktool.jar
Launcher Type: SUN_STANDARD

Environment Variables:
PATH=D:\Anaconda\envs\code;D:\Anaconda\envs\code\Library\mingw-w64\bin;D:\Anaconda\envs\code\Library\usr\bin;D:\Anaconda\envs\code\Library\bin;D:\Anaconda\envs\code\Scripts;D:\Anaconda\envs\code\bin;D:\Anaconda\condabin;C:\ProgramData\Oracle\Java\javapath;C:\Program Files\NVIDIA GPU Computing Toolkit\CUDA\v11.1\bin;C:\Program Files\NVIDIA GPU Computing Toolkit\CUDA\v11.1\libnvvp;c:\program files (x86)\intel\icls client;c:\program files\intel\icls client;c:\windows\system32;c:\windows;c:\windows\system32\wbem;c:\windows\system32\windowspowershell\v1.0;c:\program files (x86)\intel\intel(r) management engine components\dal;c:\program files\intel\intel(r) management engine components\dal;c:\program files (x86)\intel\intel(r) management engine components\ipt;c:\program files\intel\intel(r) management engine components\ipt;c:\program files\intel\wifi\bin;c:\program files\common files\intel\wirelesscommon;c:\windows\system32\openssh;c:\program files\git\cmd;C:\Program Files\dotnet;D:\MATLAB\R2019b\bin;C:\WINDOWS\system32;C:\WINDOWS;C:\WINDOWS\System32\Wbem;C:\WINDOWS\System32\WindowsPowerShell\v1.0;C:\WINDOWS\System32\OpenSSH;C:\Program Files (x86)\NVIDIA Corporation\PhysX\Common;C:\Program Files\PuTTY;C:\Program Files\NVIDIA Corporation\Nsight Compute 2020.2.1;C:\Program Files\NVIDIA Corporation\NVIDIA NvDLISR;C:\Program Files (x86)\Java\jdk1.8.0_121\bin;C:\Users\aidanocc\AppData\Local\Microsoft\WindowsApps;D:\Anaconda\Scripts\conda.exe;D:\Anaconda\python.exe;C:\Users\aidanocc\AppData\Local\GitHubDesktop\bin;D:\Latex\miktex\bin\x64;D:\Anaconda;D:\Microsoft VS Code\bin;.
USERNAME=aidanocc
OS=Windows_NT
PROCESSOR_IDENTIFIER=Intel64 Family 6 Model 94 Stepping 3, GenuineIntel



---------------  S Y S T E M  ---------------

OS: Windows 10.0 , 64 bit Build 18362 (10.0.18362.1110)

CPU:total 8 (initial active 8) (4 cores per cpu, 2 threads per core) family 6 model 94 stepping 3, cmov, cx8, fxsr, mmx, sse, sse2, sse3, ssse3, sse4.1, sse4.2, popcnt, avx, avx2, aes, clmul, erms, rtm, 3dnowpref, lzcnt, ht, tsc, tscinvbit, bmi1, bmi2, adx

Memory: 4k page, physical 16650360k(3314716k free), swap 20968192k(4832k free)

vm_info: Java HotSpot(TM) 64-Bit Server VM (25.271-b09) for windows-amd64 JRE (1.8.0_271-b09), built on Sep 16 2020 19:14:59 by "" with MS VC++ 15.9 (VS2017)

time: Tue Dec 15 20:53:46 2020
timezone: Eastern Standard Time
elapsed time: 4.380257 seconds (0d 0h 0m 4s)

