#
# There is insufficient memory for the Java Runtime Environment to continue.
# Native memory allocation (malloc) failed to allocate 936816 bytes for Chunk::new
# Possible reasons:
#   The system is out of physical RAM or swap space
#   The process is running with CompressedOops enabled, and the Java Heap may be blocking the growth of the native heap
# Possible solutions:
#   Reduce memory load on the system
#   Increase physical memory or swap space
#   Check if swap backing store is full
#   Decrease Java heap size (-Xmx/-Xms)
#   Decrease number of Java threads
#   Decrease Java thread stack sizes (-Xss)
#   Set larger code cache with -XX:ReservedCodeCacheSize=
#   JVM is running with Zero Based Compressed Oops mode in which the Java heap is
#     placed in the first 32GB address space. The Java Heap base address is the
#     maximum limit for the native heap growth. Please use -XX:HeapBaseMinAddress
#     to set the Java Heap base and to place the Java Heap above 32GB virtual address.
# This output file may be truncated or incomplete.
#
#  Out of Memory Error (allocation.cpp:389), pid=4764, tid=0x0000000000004c0c
#
# JRE version: Java(TM) SE Runtime Environment (8.0_271-b09) (build 1.8.0_271-b09)
# Java VM: Java HotSpot(TM) 64-Bit Server VM (25.271-b09 mixed mode windows-amd64 compressed oops)
# Failed to write core dump. Minidumps are not enabled by default on client versions of Windows
#

---------------  T H R E A D  ---------------

Current thread (0x000001537f4e1800):  JavaThread "C2 CompilerThread1" daemon [_thread_in_native, id=19468, stack(0x0000001c63400000,0x0000001c63500000)]

Stack: [0x0000001c63400000,0x0000001c63500000]
Native frames: (J=compiled Java code, j=interpreted, Vv=VM code, C=native code)
V  [jvm.dll+0x33f6c9]
V  [jvm.dll+0x286122]
V  [jvm.dll+0x286dcd]
V  [jvm.dll+0x27d805]
V  [jvm.dll+0xe574c]
V  [jvm.dll+0xe5f4c]
V  [jvm.dll+0x462b72]
V  [jvm.dll+0x49df9d]
V  [jvm.dll+0x452bf1]
V  [jvm.dll+0x44feb4]
V  [jvm.dll+0x43aef7]
V  [jvm.dll+0xbc3eb]
V  [jvm.dll+0xbaa4b]
V  [jvm.dll+0x24e7c2]
V  [jvm.dll+0x2a2dcc]
C  [ucrtbase.dll+0x210b2]
C  [KERNEL32.DLL+0x17c24]
C  [ntdll.dll+0x6d4d1]


Current CompileTask:
C2:   3457  857   !   4       java.util.Formatter::format (271 bytes)


---------------  P R O C E S S  ---------------

Java Threads: ( => current thread )
  0x000001530880c800 JavaThread "Service Thread" daemon [_thread_blocked, id=20756, stack(0x0000001c63700000,0x0000001c63800000)]
  0x000001537f4ed000 JavaThread "C1 CompilerThread3" daemon [_thread_blocked, id=11864, stack(0x0000001c63600000,0x0000001c63700000)]
  0x000001537f4e6000 JavaThread "C2 CompilerThread2" daemon [_thread_in_native, id=2012, stack(0x0000001c63500000,0x0000001c63600000)]
=>0x000001537f4e1800 JavaThread "C2 CompilerThread1" daemon [_thread_in_native, id=19468, stack(0x0000001c63400000,0x0000001c63500000)]
  0x000001537f4dd800 JavaThread "C2 CompilerThread0" daemon [_thread_blocked, id=23800, stack(0x0000001c63300000,0x0000001c63400000)]
  0x000001537f4db800 JavaThread "Attach Listener" daemon [_thread_blocked, id=15668, stack(0x0000001c63200000,0x0000001c63300000)]
  0x000001537f4db000 JavaThread "Signal Dispatcher" daemon [_thread_blocked, id=10424, stack(0x0000001c63100000,0x0000001c63200000)]
  0x000001537f460000 JavaThread "Finalizer" daemon [_thread_blocked, id=14624, stack(0x0000001c63000000,0x0000001c63100000)]
  0x000001537f438800 JavaThread "Reference Handler" daemon [_thread_blocked, id=8260, stack(0x0000001c62f00000,0x0000001c63000000)]
  0x000001536bcc8000 JavaThread "main" [_thread_in_native, id=21264, stack(0x0000001c62500000,0x0000001c62600000)]

Other Threads:
  0x000001537f432000 VMThread [stack: 0x0000001c62e00000,0x0000001c62f00000] [id=18600]
  0x0000015308821000 WatcherThread [stack: 0x0000001c63800000,0x0000001c63900000] [id=1572]

VM state:not at safepoint (normal execution)

VM Mutex/Monitor currently owned by a thread: None

heap address: 0x00000006c1e00000, size: 4066 MB, Compressed Oops mode: Zero based, Oop shift amount: 3
Narrow klass base: 0x0000000000000000, Narrow klass shift: 3
Compressed class space size: 1073741824 Address: 0x00000007c0000000

Heap:
 PSYoungGen      total 560128K, used 354175K [0x000000076b500000, 0x00000007afc00000, 0x00000007c0000000)
  eden space 524288K, 66% used [0x000000076b500000,0x0000000780887e40,0x000000078b500000)
  from space 35840K, 18% used [0x000000078b500000,0x000000078bb58160,0x000000078d800000)
  to   space 36352K, 0% used [0x00000007ad880000,0x00000007ad880000,0x00000007afc00000)
 ParOldGen       total 175104K, used 49985K [0x00000006c1e00000, 0x00000006cc900000, 0x000000076b500000)
  object space 175104K, 28% used [0x00000006c1e00000,0x00000006c4ed07d0,0x00000006cc900000)
 Metaspace       used 6615K, capacity 6756K, committed 7040K, reserved 1056768K
  class space    used 737K, capacity 784K, committed 896K, reserved 1048576K

Card table byte_map: [0x000001537c9d0000,0x000001537d1d0000] byte_map_base: 0x00000153793c1000

Marking Bits: (ParMarkBitMap*) 0x0000000068db7fe0
 Begin Bits: [0x0000015300000000, 0x0000015303f88000)
 End Bits:   [0x0000015303f88000, 0x0000015307f10000)

Polling page: 0x000001536d5e0000

CodeCache: size=245760Kb used=4505Kb max_used=4517Kb free=241254Kb
 bounds [0x000001536d610000, 0x000001536da80000, 0x000001537c610000]
 total_blobs=1269 nmethods=983 adapters=199
 compilation: enabled

Compilation events (10 events):
Event: 3.419 Thread 0x000001537f4ed000  967       2       java.util.HashMap::putVal (300 bytes)
Event: 3.420 Thread 0x000001537f4dd800 nmethod 888 0x000001536da64cd0 code [0x000001536da64e20, 0x000001536da65198]
Event: 3.420 Thread 0x000001537f4dd800  966       4       java.util.HashMap::put (13 bytes)
Event: 3.420 Thread 0x000001537f4ed000 nmethod 967 0x000001536da67450 code [0x000001536da67660, 0x000001536da67da0]
Event: 3.420 Thread 0x000001537f4ed000  968       3       java.util.StringTokenizer::skipDelimiters (116 bytes)
Event: 3.421 Thread 0x000001537f4ed000 nmethod 968 0x000001536da661d0 code [0x000001536da663e0, 0x000001536da66fa0]
Event: 3.421 Thread 0x000001537f4ed000  969       1       java.nio.charset.Charset::name (5 bytes)
Event: 3.421 Thread 0x000001537f4ed000 nmethod 969 0x000001536da64a10 code [0x000001536da64b60, 0x000001536da64c78]
Event: 3.421 Thread 0x000001537f4ed000  970       1       java.util.HashMap$Node::getValue (5 bytes)
Event: 3.421 Thread 0x000001537f4ed000 nmethod 970 0x000001536da64750 code [0x000001536da648a0, 0x000001536da649b8]

GC Heap History (10 events):
Event: 1.619 GC heap before
{Heap before GC invocations=3 (full 0):
 PSYoungGen      total 141824K, used 141792K [0x000000076b500000, 0x0000000774a00000, 0x00000007c0000000)
  eden space 131072K, 100% used [0x000000076b500000,0x0000000773500000,0x0000000773500000)
  from space 10752K, 99% used [0x0000000773f80000,0x00000007749f8180,0x0000000774a00000)
  to   space 10752K, 0% used [0x0000000773500000,0x0000000773500000,0x0000000773f80000)
 ParOldGen       total 175104K, used 21841K [0x00000006c1e00000, 0x00000006cc900000, 0x000000076b500000)
  object space 175104K, 12% used [0x00000006c1e00000,0x00000006c3354490,0x00000006cc900000)
 Metaspace       used 4668K, capacity 5268K, committed 5504K, reserved 1056768K
  class space    used 493K, capacity 528K, committed 640K, reserved 1048576K
Event: 1.644 GC heap after
Heap after GC invocations=3 (full 0):
 PSYoungGen      total 141824K, used 10720K [0x000000076b500000, 0x000000077ca00000, 0x00000007c0000000)
  eden space 131072K, 0% used [0x000000076b500000,0x000000076b500000,0x0000000773500000)
  from space 10752K, 99% used [0x0000000773500000,0x0000000773f78300,0x0000000773f80000)
  to   space 10752K, 0% used [0x000000077bf80000,0x000000077bf80000,0x000000077ca00000)
 ParOldGen       total 175104K, used 44201K [0x00000006c1e00000, 0x00000006cc900000, 0x000000076b500000)
  object space 175104K, 25% used [0x00000006c1e00000,0x00000006c492a510,0x00000006cc900000)
 Metaspace       used 4668K, capacity 5268K, committed 5504K, reserved 1056768K
  class space    used 493K, capacity 528K, committed 640K, reserved 1048576K
}
Event: 1.807 GC heap before
{Heap before GC invocations=4 (full 0):
 PSYoungGen      total 141824K, used 141792K [0x000000076b500000, 0x000000077ca00000, 0x00000007c0000000)
  eden space 131072K, 100% used [0x000000076b500000,0x0000000773500000,0x0000000773500000)
  from space 10752K, 99% used [0x0000000773500000,0x0000000773f78300,0x0000000773f80000)
  to   space 10752K, 0% used [0x000000077bf80000,0x000000077bf80000,0x000000077ca00000)
 ParOldGen       total 175104K, used 44201K [0x00000006c1e00000, 0x00000006cc900000, 0x000000076b500000)
  object space 175104K, 25% used [0x00000006c1e00000,0x00000006c492a510,0x00000006cc900000)
 Metaspace       used 4679K, capacity 5332K, committed 5504K, reserved 1056768K
  class space    used 494K, capacity 528K, committed 640K, reserved 1048576K
Event: 1.815 GC heap after
Heap after GC invocations=4 (full 0):
 PSYoungGen      total 272896K, used 10736K [0x000000076b500000, 0x000000077ca00000, 0x00000007c0000000)
  eden space 262144K, 0% used [0x000000076b500000,0x000000076b500000,0x000000077b500000)
  from space 10752K, 99% used [0x000000077bf80000,0x000000077c9fc2b0,0x000000077ca00000)
  to   space 10752K, 0% used [0x000000077b500000,0x000000077b500000,0x000000077bf80000)
 ParOldGen       total 175104K, used 44401K [0x00000006c1e00000, 0x00000006cc900000, 0x000000076b500000)
  object space 175104K, 25% used [0x00000006c1e00000,0x00000006c495c510,0x00000006cc900000)
 Metaspace       used 4679K, capacity 5332K, committed 5504K, reserved 1056768K
  class space    used 494K, capacity 528K, committed 640K, reserved 1048576K
}
Event: 2.109 GC heap before
{Heap before GC invocations=5 (full 0):
 PSYoungGen      total 272896K, used 272880K [0x000000076b500000, 0x000000077ca00000, 0x00000007c0000000)
  eden space 262144K, 100% used [0x000000076b500000,0x000000077b500000,0x000000077b500000)
  from space 10752K, 99% used [0x000000077bf80000,0x000000077c9fc2b0,0x000000077ca00000)
  to   space 10752K, 0% used [0x000000077b500000,0x000000077b500000,0x000000077bf80000)
 ParOldGen       total 175104K, used 44401K [0x00000006c1e00000, 0x00000006cc900000, 0x000000076b500000)
  object space 175104K, 25% used [0x00000006c1e00000,0x00000006c495c510,0x00000006cc900000)
 Metaspace       used 4680K, capacity 5332K, committed 5504K, reserved 1056768K
  class space    used 494K, capacity 528K, committed 640K, reserved 1048576K
Event: 2.119 GC heap after
Heap after GC invocations=5 (full 0):
 PSYoungGen      total 272896K, used 10736K [0x000000076b500000, 0x000000078fd00000, 0x00000007c0000000)
  eden space 262144K, 0% used [0x000000076b500000,0x000000076b500000,0x000000077b500000)
  from space 10752K, 99% used [0x000000077b500000,0x000000077bf7c2b0,0x000000077bf80000)
  to   space 36864K, 0% used [0x000000078d900000,0x000000078d900000,0x000000078fd00000)
 ParOldGen       total 175104K, used 44737K [0x00000006c1e00000, 0x00000006cc900000, 0x000000076b500000)
  object space 175104K, 25% used [0x00000006c1e00000,0x00000006c49b0530,0x00000006cc900000)
 Metaspace       used 4680K, capacity 5332K, committed 5504K, reserved 1056768K
  class space    used 494K, capacity 528K, committed 640K, reserved 1048576K
}
Event: 2.357 GC heap before
{Heap before GC invocations=6 (full 0):
 PSYoungGen      total 272896K, used 272880K [0x000000076b500000, 0x000000078fd00000, 0x00000007c0000000)
  eden space 262144K, 100% used [0x000000076b500000,0x000000077b500000,0x000000077b500000)
  from space 10752K, 99% used [0x000000077b500000,0x000000077bf7c2b0,0x000000077bf80000)
  to   space 36864K, 0% used [0x000000078d900000,0x000000078d900000,0x000000078fd00000)
 ParOldGen       total 175104K, used 44737K [0x00000006c1e00000, 0x00000006cc900000, 0x000000076b500000)
  object space 175104K, 25% used [0x00000006c1e00000,0x00000006c49b0530,0x00000006cc900000)
 Metaspace       used 4680K, capacity 5332K, committed 5504K, reserved 1056768K
  class space    used 494K, capacity 528K, committed 640K, reserved 1048576K
Event: 2.366 GC heap after
Heap after GC invocations=6 (full 0):
 PSYoungGen      total 559104K, used 11072K [0x000000076b500000, 0x000000078fb00000, 0x00000007c0000000)
  eden space 524288K, 0% used [0x000000076b500000,0x000000076b500000,0x000000078b500000)
  from space 34816K, 31% used [0x000000078d900000,0x000000078e3d0300,0x000000078fb00000)
  to   space 35840K, 0% used [0x000000078b500000,0x000000078b500000,0x000000078d800000)
 ParOldGen       total 175104K, used 44737K [0x00000006c1e00000, 0x00000006cc900000, 0x000000076b500000)
  object space 175104K, 25% used [0x00000006c1e00000,0x00000006c49b0530,0x00000006cc900000)
 Metaspace       used 4680K, capacity 5332K, committed 5504K, reserved 1056768K
  class space    used 494K, capacity 528K, committed 640K, reserved 1048576K
}
Event: 2.972 GC heap before
{Heap before GC invocations=7 (full 0):
 PSYoungGen      total 559104K, used 535360K [0x000000076b500000, 0x000000078fb00000, 0x00000007c0000000)
  eden space 524288K, 100% used [0x000000076b500000,0x000000078b500000,0x000000078b500000)
  from space 34816K, 31% used [0x000000078d900000,0x000000078e3d0300,0x000000078fb00000)
  to   space 35840K, 0% used [0x000000078b500000,0x000000078b500000,0x000000078d800000)
 ParOldGen       total 175104K, used 44737K [0x00000006c1e00000, 0x00000006cc900000, 0x000000076b500000)
  object space 175104K, 25% used [0x00000006c1e00000,0x00000006c49b0530,0x00000006cc900000)
 Metaspace       used 4680K, capacity 5332K, committed 5504K, reserved 1056768K
  class space    used 494K, capacity 528K, committed 640K, reserved 1048576K
Event: 2.983 GC heap after
Heap after GC invocations=7 (full 0):
 PSYoungGen      total 560128K, used 6496K [0x000000076b500000, 0x00000007afc00000, 0x00000007c0000000)
  eden space 524288K, 0% used [0x000000076b500000,0x000000076b500000,0x000000078b500000)
  from space 35840K, 18% used [0x000000078b500000,0x000000078bb58160,0x000000078d800000)
  to   space 36352K, 0% used [0x00000007ad880000,0x00000007ad880000,0x00000007afc00000)
 ParOldGen       total 175104K, used 49985K [0x00000006c1e00000, 0x00000006cc900000, 0x000000076b500000)
  object space 175104K, 28% used [0x00000006c1e00000,0x00000006c4ed07d0,0x00000006cc900000)
 Metaspace       used 4680K, capacity 5332K, committed 5504K, reserved 1056768K
  class space    used 494K, capacity 528K, committed 640K, reserved 1048576K
}

Deoptimization events (10 events):
Event: 3.193 Thread 0x000001536bcc8000 Uncommon trap: reason=unstable_if action=reinterpret pc=0x000001536d935fec method=brut.androlib.res.data.value.ResValueFactory.bagFactory(I[Lbrut/util/Duo;Lbrut/androlib/res/data/ResTypeSpec;)Lbrut/androlib/res/data/value/ResBagValue; @ 69
Event: 3.351 Thread 0x000001536bcc8000 Uncommon trap: reason=unstable_if action=reinterpret pc=0x000001536d90022c method=brut.androlib.res.decoder.StringBlock.getString(I)Ljava/lang/String; @ 1
Event: 3.397 Thread 0x000001536bcc8000 Uncommon trap: reason=unstable_if action=reinterpret pc=0x000001536d774d5c method=java.util.zip.ZipCoder.decoder()Ljava/nio/charset/CharsetDecoder; @ 4
Event: 3.397 Thread 0x000001536bcc8000 Uncommon trap: reason=unstable_if action=reinterpret pc=0x000001536d771e98 method=java.util.zip.ZipCoder.decoder()Ljava/nio/charset/CharsetDecoder; @ 4
Event: 3.403 Thread 0x000001536bcc8000 Uncommon trap: reason=unstable_if action=reinterpret pc=0x000001536d9a18d8 method=java.util.Locale.equals(Ljava/lang/Object;)Z @ 2
Event: 3.414 Thread 0x000001536bcc8000 Uncommon trap: reason=class_check action=maybe_recompile pc=0x000001536d8383dc method=java.util.HashMap.putVal(ILjava/lang/Object;Ljava/lang/Object;ZZ)Ljava/lang/Object; @ 203
Event: 3.414 Thread 0x000001536bcc8000 Uncommon trap: reason=class_check action=maybe_recompile pc=0x000001536d8383dc method=java.util.HashMap.putVal(ILjava/lang/Object;Ljava/lang/Object;ZZ)Ljava/lang/Object; @ 203
Event: 3.415 Thread 0x000001536bcc8000 Uncommon trap: reason=class_check action=maybe_recompile pc=0x000001536d8383dc method=java.util.HashMap.putVal(ILjava/lang/Object;Ljava/lang/Object;ZZ)Ljava/lang/Object; @ 203
Event: 3.416 Thread 0x000001536bcc8000 Uncommon trap: reason=class_check action=maybe_recompile pc=0x000001536d8383dc method=java.util.HashMap.putVal(ILjava/lang/Object;Ljava/lang/Object;ZZ)Ljava/lang/Object; @ 203
Event: 3.417 Thread 0x000001536bcc8000 Uncommon trap: reason=class_check action=maybe_recompile pc=0x000001536d82d56c method=java.util.HashMap.putVal(ILjava/lang/Object;Ljava/lang/Object;ZZ)Ljava/lang/Object; @ 203

Classes redefined (0 events):
No events

Internal exceptions (9 events):
Event: 0.031 Thread 0x000001536bcc8000 Exception <a 'java/lang/NoSuchMethodError': Method sun.misc.Unsafe.defineClass(Ljava/lang/String;[BII)Ljava/lang/Class; name or signature does not match> (0x000000076b507cc0) thrown at [C:\jenkins\workspace\8-2-build-windows-amd64-cygwin\jdk8u271\605\hots
Event: 0.031 Thread 0x000001536bcc8000 Exception <a 'java/lang/NoSuchMethodError': Method sun.misc.Unsafe.prefetchRead(Ljava/lang/Object;J)V name or signature does not match> (0x000000076b507fa8) thrown at [C:\jenkins\workspace\8-2-build-windows-amd64-cygwin\jdk8u271\605\hotspot\src\share\vm\p
Event: 0.134 Thread 0x000001536bcc8000 Exception <a 'java/security/PrivilegedActionException'> (0x000000076b7e0980) thrown at [C:\jenkins\workspace\8-2-build-windows-amd64-cygwin\jdk8u271\605\hotspot\src\share\vm\prims\jvm.cpp, line 1512]
Event: 0.134 Thread 0x000001536bcc8000 Exception <a 'java/security/PrivilegedActionException'> (0x000000076b7e0b90) thrown at [C:\jenkins\workspace\8-2-build-windows-amd64-cygwin\jdk8u271\605\hotspot\src\share\vm\prims\jvm.cpp, line 1512]
Event: 0.135 Thread 0x000001536bcc8000 Exception <a 'java/security/PrivilegedActionException'> (0x000000076b7e4800) thrown at [C:\jenkins\workspace\8-2-build-windows-amd64-cygwin\jdk8u271\605\hotspot\src\share\vm\prims\jvm.cpp, line 1512]
Event: 0.135 Thread 0x000001536bcc8000 Exception <a 'java/security/PrivilegedActionException'> (0x000000076b7e4a10) thrown at [C:\jenkins\workspace\8-2-build-windows-amd64-cygwin\jdk8u271\605\hotspot\src\share\vm\prims\jvm.cpp, line 1512]
Event: 0.964 Thread 0x000001536bcc8000 Implicit null exception at 0x000001536d77a094 to 0x000001536d77aa61
Event: 3.397 Thread 0x000001536bcc8000 Implicit null exception at 0x000001536d7746f6 to 0x000001536d774d39
Event: 3.397 Thread 0x000001536bcc8000 Implicit null exception at 0x000001536d7719fd to 0x000001536d771e89

Events (10 events):
Event: 3.421 loading class javax/xml/transform/stax/StAXSource
Event: 3.422 loading class javax/xml/transform/stax/StAXSource done
Event: 3.422 loading class com/sun/org/apache/xalan/internal/xsltc/trax/DOM2TO
Event: 3.422 loading class org/xml/sax/XMLReader
Event: 3.422 loading class org/xml/sax/XMLReader done
Event: 3.422 loading class org/xml/sax/ext/Locator2
Event: 3.422 loading class org/xml/sax/Locator
Event: 3.422 loading class org/xml/sax/Locator done
Event: 3.422 loading class org/xml/sax/ext/Locator2 done
Event: 3.422 loading class com/sun/org/apache/xalan/internal/xsltc/trax/DOM2TO done


Dynamic libraries:
0x00007ff6a6a10000 - 0x00007ff6a6a57000 	C:\ProgramData\Oracle\Java\javapath\java.exe
0x00007ffc37ce0000 - 0x00007ffc37ed0000 	C:\WINDOWS\SYSTEM32\ntdll.dll
0x00007ffc36940000 - 0x00007ffc369f2000 	C:\WINDOWS\System32\KERNEL32.DLL
0x00007ffc34c70000 - 0x00007ffc34f15000 	C:\WINDOWS\System32\KERNELBASE.dll
0x00007ffc37890000 - 0x00007ffc37933000 	C:\WINDOWS\System32\ADVAPI32.dll
0x00007ffc37a80000 - 0x00007ffc37b1e000 	C:\WINDOWS\System32\msvcrt.dll
0x00007ffc379c0000 - 0x00007ffc37a57000 	C:\WINDOWS\System32\sechost.dll
0x00007ffc37b20000 - 0x00007ffc37c40000 	C:\WINDOWS\System32\RPCRT4.dll
0x00007ffc37250000 - 0x00007ffc373e4000 	C:\WINDOWS\System32\USER32.dll
0x00007ffc35cb0000 - 0x00007ffc35cd1000 	C:\WINDOWS\System32\win32u.dll
0x00007ffc37860000 - 0x00007ffc37886000 	C:\WINDOWS\System32\GDI32.dll
0x00007ffc351a0000 - 0x00007ffc35336000 	C:\WINDOWS\System32\gdi32full.dll
0x00007ffc34fb0000 - 0x00007ffc3504e000 	C:\WINDOWS\System32\msvcp_win.dll
0x00007ffc350a0000 - 0x00007ffc3519a000 	C:\WINDOWS\System32\ucrtbase.dll
0x00007ffc1f960000 - 0x00007ffc1fbe4000 	C:\WINDOWS\WinSxS\amd64_microsoft.windows.common-controls_6595b64144ccf1df_6.0.18362.1256_none_9e7e379be45e40e2\COMCTL32.dll
0x00007ffc37520000 - 0x00007ffc37856000 	C:\WINDOWS\System32\combase.dll
0x00007ffc35340000 - 0x00007ffc353c1000 	C:\WINDOWS\System32\bcryptPrimitives.dll
0x00007ffc36730000 - 0x00007ffc3675e000 	C:\WINDOWS\System32\IMM32.DLL
0x00007ffc1c5e0000 - 0x00007ffc1c5f5000 	C:\Program Files\Java\jre1.8.0_271\bin\vcruntime140.dll
0x00007ffbeb520000 - 0x00007ffbeb5bb000 	C:\Program Files\Java\jre1.8.0_271\bin\msvcp140.dll
0x00000000685c0000 - 0x0000000068e2f000 	C:\Program Files\Java\jre1.8.0_271\bin\server\jvm.dll
0x00007ffc36720000 - 0x00007ffc36728000 	C:\WINDOWS\System32\PSAPI.DLL
0x00007ffc24aa0000 - 0x00007ffc24aa9000 	C:\WINDOWS\SYSTEM32\WSOCK32.dll
0x00007ffc2db10000 - 0x00007ffc2db1a000 	C:\WINDOWS\SYSTEM32\VERSION.dll
0x00007ffc2b2d0000 - 0x00007ffc2b2f4000 	C:\WINDOWS\SYSTEM32\WINMM.dll
0x00007ffc36a10000 - 0x00007ffc36a7f000 	C:\WINDOWS\System32\WS2_32.dll
0x00007ffc2b2a0000 - 0x00007ffc2b2cd000 	C:\WINDOWS\SYSTEM32\winmmbase.dll
0x00007ffc35050000 - 0x00007ffc3509a000 	C:\WINDOWS\System32\cfgmgr32.dll
0x00007ffc34bb0000 - 0x00007ffc34bc1000 	C:\WINDOWS\System32\kernel.appcore.dll
0x00007ffc25990000 - 0x00007ffc259a0000 	C:\Program Files\Java\jre1.8.0_271\bin\verify.dll
0x00007ffc15440000 - 0x00007ffc1546b000 	C:\Program Files\Java\jre1.8.0_271\bin\java.dll
0x00007ffc19930000 - 0x00007ffc19948000 	C:\Program Files\Java\jre1.8.0_271\bin\zip.dll
0x00007ffc36a80000 - 0x00007ffc37167000 	C:\WINDOWS\System32\SHELL32.dll
0x00007ffc37460000 - 0x00007ffc37509000 	C:\WINDOWS\System32\shcore.dll
0x00007ffc35520000 - 0x00007ffc35ca1000 	C:\WINDOWS\System32\windows.storage.dll
0x00007ffc34c20000 - 0x00007ffc34c43000 	C:\WINDOWS\System32\profapi.dll
0x00007ffc34bd0000 - 0x00007ffc34c1a000 	C:\WINDOWS\System32\powrprof.dll
0x00007ffc34b80000 - 0x00007ffc34b90000 	C:\WINDOWS\System32\UMPDC.dll
0x00007ffc371f0000 - 0x00007ffc37242000 	C:\WINDOWS\System32\shlwapi.dll
0x00007ffc34c50000 - 0x00007ffc34c67000 	C:\WINDOWS\System32\cryptsp.dll
0x00007ffc2d360000 - 0x00007ffc2d554000 	C:\WINDOWS\SYSTEM32\dbghelp.dll

VM Arguments:
jvm_args: -Duser.language=en -Dfile.encoding=UTF8 
java_command: C:\Windows\apktool.jar -q d -f D:/5th\Honours\Code\dataset\Benign/androzoo/tmp\com.recetaspostresricos.apk -o ../tmp\com.recetaspostresricos.apk.smali -s -r --no-assets --force-manifest
java_class_path (initial): C:\Windows\apktool.jar
Launcher Type: SUN_STANDARD

Environment Variables:
PATH=D:\Anaconda\envs\code;D:\Anaconda\envs\code\Library\mingw-w64\bin;D:\Anaconda\envs\code\Library\usr\bin;D:\Anaconda\envs\code\Library\bin;D:\Anaconda\envs\code\Scripts;D:\Anaconda\envs\code\bin;D:\Anaconda\condabin;C:\ProgramData\Oracle\Java\javapath;C:\Program Files\NVIDIA GPU Computing Toolkit\CUDA\v11.1\bin;C:\Program Files\NVIDIA GPU Computing Toolkit\CUDA\v11.1\libnvvp;c:\program files (x86)\intel\icls client;c:\program files\intel\icls client;c:\windows\system32;c:\windows;c:\windows\system32\wbem;c:\windows\system32\windowspowershell\v1.0;c:\program files (x86)\intel\intel(r) management engine components\dal;c:\program files\intel\intel(r) management engine components\dal;c:\program files (x86)\intel\intel(r) management engine components\ipt;c:\program files\intel\intel(r) management engine components\ipt;c:\program files\intel\wifi\bin;c:\program files\common files\intel\wirelesscommon;c:\windows\system32\openssh;c:\program files\git\cmd;C:\Program Files\dotnet;D:\MATLAB\R2019b\bin;C:\WINDOWS\system32;C:\WINDOWS;C:\WINDOWS\System32\Wbem;C:\WINDOWS\System32\WindowsPowerShell\v1.0;C:\WINDOWS\System32\OpenSSH;C:\Program Files (x86)\NVIDIA Corporation\PhysX\Common;C:\Program Files\PuTTY;C:\Program Files\NVIDIA Corporation\Nsight Compute 2020.2.1;C:\Program Files\NVIDIA Corporation\NVIDIA NvDLISR;C:\Program Files (x86)\Java\jdk1.8.0_121\bin;C:\Users\aidanocc\AppData\Local\Microsoft\WindowsApps;D:\Anaconda\Scripts\conda.exe;D:\Anaconda\python.exe;C:\Users\aidanocc\AppData\Local\GitHubDesktop\bin;D:\Latex\miktex\bin\x64;D:\Anaconda;D:\Microsoft VS Code\bin;.
USERNAME=aidanocc
OS=Windows_NT
PROCESSOR_IDENTIFIER=Intel64 Family 6 Model 94 Stepping 3, GenuineIntel



---------------  S Y S T E M  ---------------

OS: Windows 10.0 , 64 bit Build 18362 (10.0.18362.1110)

CPU:total 8 (initial active 8) (4 cores per cpu, 2 threads per core) family 6 model 94 stepping 3, cmov, cx8, fxsr, mmx, sse, sse2, sse3, ssse3, sse4.1, sse4.2, popcnt, avx, avx2, aes, clmul, erms, rtm, 3dnowpref, lzcnt, ht, tsc, tscinvbit, bmi1, bmi2, adx

Memory: 4k page, physical 16650360k(4255724k free), swap 21059248k(7368k free)

vm_info: Java HotSpot(TM) 64-Bit Server VM (25.271-b09) for windows-amd64 JRE (1.8.0_271-b09), built on Sep 16 2020 19:14:59 by "" with MS VC++ 15.9 (VS2017)

time: Tue Dec 15 18:09:04 2020
timezone: Eastern Standard Time
elapsed time: 3.462782 seconds (0d 0h 0m 3s)

