#
# There is insufficient memory for the Java Runtime Environment to continue.
# Native memory allocation (malloc) failed to allocate 1394528 bytes for Chunk::new
# Possible reasons:
#   The system is out of physical RAM or swap space
#   The process is running with CompressedOops enabled, and the Java Heap may be blocking the growth of the native heap
# Possible solutions:
#   Reduce memory load on the system
#   Increase physical memory or swap space
#   Check if swap backing store is full
#   Decrease Java heap size (-Xmx/-Xms)
#   Decrease number of Java threads
#   Decrease Java thread stack sizes (-Xss)
#   Set larger code cache with -XX:ReservedCodeCacheSize=
#   JVM is running with Zero Based Compressed Oops mode in which the Java heap is
#     placed in the first 32GB address space. The Java Heap base address is the
#     maximum limit for the native heap growth. Please use -XX:HeapBaseMinAddress
#     to set the Java Heap base and to place the Java Heap above 32GB virtual address.
# This output file may be truncated or incomplete.
#
#  Out of Memory Error (allocation.cpp:389), pid=13988, tid=0x0000000000000194
#
# JRE version: Java(TM) SE Runtime Environment (8.0_271-b09) (build 1.8.0_271-b09)
# Java VM: Java HotSpot(TM) 64-Bit Server VM (25.271-b09 mixed mode windows-amd64 compressed oops)
# Failed to write core dump. Minidumps are not enabled by default on client versions of Windows
#

---------------  T H R E A D  ---------------

Current thread (0x0000018e7b1cc000):  JavaThread "C2 CompilerThread2" daemon [_thread_in_native, id=404, stack(0x0000003018000000,0x0000003018100000)]

Stack: [0x0000003018000000,0x0000003018100000]
Native frames: (J=compiled Java code, j=interpreted, Vv=VM code, C=native code)
V  [jvm.dll+0x33f6c9]
V  [jvm.dll+0x286122]
V  [jvm.dll+0x286dcd]
V  [jvm.dll+0x27d805]
V  [jvm.dll+0xe574c]
V  [jvm.dll+0xe5f4c]
V  [jvm.dll+0x480095]
V  [jvm.dll+0x447c30]
V  [jvm.dll+0x450c25]
V  [jvm.dll+0x44ffe5]
V  [jvm.dll+0x43aef7]
V  [jvm.dll+0xbc3eb]
V  [jvm.dll+0xbaa4b]
V  [jvm.dll+0x24e7c2]
V  [jvm.dll+0x2a2dcc]
C  [ucrtbase.dll+0x210b2]
C  [KERNEL32.DLL+0x17c24]
C  [ntdll.dll+0x6d4d1]


Current CompileTask:
C2:   1234  571       4       brut.androlib.res.decoder.StringBlock::getHTML (419 bytes)


---------------  P R O C E S S  ---------------

Java Threads: ( => current thread )
  0x0000018e7c5bd000 JavaThread "Service Thread" daemon [_thread_blocked, id=24780, stack(0x0000003018200000,0x0000003018300000)]
  0x0000018e7b1cb000 JavaThread "C1 CompilerThread3" daemon [_thread_blocked, id=18296, stack(0x0000003018100000,0x0000003018200000)]
=>0x0000018e7b1cc000 JavaThread "C2 CompilerThread2" daemon [_thread_in_native, id=404, stack(0x0000003018000000,0x0000003018100000)]
  0x0000018e7b1b7800 JavaThread "C2 CompilerThread1" daemon [_thread_in_native, id=10052, stack(0x0000003017f00000,0x0000003018000000)]
  0x0000018e7b1b4000 JavaThread "C2 CompilerThread0" daemon [_thread_in_native, id=7688, stack(0x0000003017e00000,0x0000003017f00000)]
  0x0000018e7b1b2000 JavaThread "Attach Listener" daemon [_thread_blocked, id=21044, stack(0x0000003017d00000,0x0000003017e00000)]
  0x0000018e7b14e800 JavaThread "Signal Dispatcher" daemon [_thread_blocked, id=20620, stack(0x0000003017c00000,0x0000003017d00000)]
  0x0000018e7b137800 JavaThread "Finalizer" daemon [_thread_blocked, id=19540, stack(0x0000003017b00000,0x0000003017c00000)]
  0x0000018e7a538800 JavaThread "Reference Handler" daemon [_thread_blocked, id=16960, stack(0x0000003017a00000,0x0000003017b00000)]
  0x0000018e67a06000 JavaThread "main" [_thread_in_Java, id=12864, stack(0x0000003017000000,0x0000003017100000)]

Other Threads:
  0x0000018e7b103000 VMThread [stack: 0x0000003017900000,0x0000003017a00000] [id=11704]
  0x0000018e7c5c9800 WatcherThread [stack: 0x0000003018300000,0x0000003018400000] [id=14388]

VM state:not at safepoint (normal execution)

VM Mutex/Monitor currently owned by a thread: None

heap address: 0x00000006c1e00000, size: 4066 MB, Compressed Oops mode: Zero based, Oop shift amount: 3
Narrow klass base: 0x0000000000000000, Narrow klass shift: 3
Compressed class space size: 1073741824 Address: 0x00000007c0000000

Heap:
 PSYoungGen      total 141824K, used 49657K [0x000000076b500000, 0x0000000774a00000, 0x00000007c0000000)
  eden space 131072K, 29% used [0x000000076b500000,0x000000076db02318,0x0000000773500000)
  from space 10752K, 99% used [0x0000000773f80000,0x00000007749fc1d0,0x0000000774a00000)
  to   space 10752K, 0% used [0x0000000773500000,0x0000000773500000,0x0000000773f80000)
 ParOldGen       total 175104K, used 23261K [0x00000006c1e00000, 0x00000006cc900000, 0x000000076b500000)
  object space 175104K, 13% used [0x00000006c1e00000,0x00000006c34b77c0,0x00000006cc900000)
 Metaspace       used 4575K, capacity 5268K, committed 5504K, reserved 1056768K
  class space    used 496K, capacity 528K, committed 640K, reserved 1048576K

Card table byte_map: [0x0000018e786a0000,0x0000018e78ea0000] byte_map_base: 0x0000018e75091000

Marking Bits: (ParMarkBitMap*) 0x0000000068db7fe0
 Begin Bits: [0x0000018e00000000, 0x0000018e03f88000)
 End Bits:   [0x0000018e03f88000, 0x0000018e07f10000)

Polling page: 0x0000018e692b0000

CodeCache: size=245760Kb used=3167Kb max_used=3167Kb free=242592Kb
 bounds [0x0000018e692e0000, 0x0000018e69600000, 0x0000018e782e0000]
 total_blobs=905 nmethods=644 adapters=174
 compilation: enabled

Compilation events (10 events):
Event: 1.183 Thread 0x0000018e7b1cb000  655       3       java.util.Formatter::parse (151 bytes)
Event: 1.185 Thread 0x0000018e7b1b7800 nmethod 639% 0x0000018e695f5f90 code [0x0000018e695f61c0, 0x0000018e695f7248]
Event: 1.185 Thread 0x0000018e7b1b7800  646       4       brut.androlib.res.decoder.ARSCDecoder::readTableType (557 bytes)
Event: 1.185 Thread 0x0000018e7b1cb000 nmethod 655 0x0000018e695f8390 code [0x0000018e695f87c0, 0x0000018e695fb080]
Event: 1.185 Thread 0x0000018e7b1cb000  656   !   3       java.util.regex.Pattern::matcher (44 bytes)
Event: 1.186 Thread 0x0000018e7b1cb000 nmethod 656 0x0000018e695f5890 code [0x0000018e695f5a20, 0x0000018e695f5e80]
Event: 1.186 Thread 0x0000018e7b1cb000  657       3       java.util.Formatter::toString (12 bytes)
Event: 1.186 Thread 0x0000018e7b1cb000 nmethod 657 0x0000018e695f5250 code [0x0000018e695f53e0, 0x0000018e695f5720]
Event: 1.199 Thread 0x0000018e7b1cb000  659       3       com.google.common.base.Preconditions::checkNotNull (14 bytes)
Event: 1.199 Thread 0x0000018e7b1cb000 nmethod 659 0x0000018e695f4dd0 code [0x0000018e695f4f40, 0x0000018e695f5170]

GC Heap History (4 events):
Event: 0.912 GC heap before
{Heap before GC invocations=1 (full 0):
 PSYoungGen      total 76288K, used 65536K [0x000000076b500000, 0x0000000770a00000, 0x00000007c0000000)
  eden space 65536K, 100% used [0x000000076b500000,0x000000076f500000,0x000000076f500000)
  from space 10752K, 0% used [0x000000076ff80000,0x000000076ff80000,0x0000000770a00000)
  to   space 10752K, 0% used [0x000000076f500000,0x000000076f500000,0x000000076ff80000)
 ParOldGen       total 175104K, used 0K [0x00000006c1e00000, 0x00000006cc900000, 0x000000076b500000)
  object space 175104K, 0% used [0x00000006c1e00000,0x00000006c1e00000,0x00000006cc900000)
 Metaspace       used 4544K, capacity 5268K, committed 5504K, reserved 1056768K
  class space    used 495K, capacity 528K, committed 640K, reserved 1048576K
Event: 0.930 GC heap after
Heap after GC invocations=1 (full 0):
 PSYoungGen      total 76288K, used 10739K [0x000000076b500000, 0x0000000774a00000, 0x00000007c0000000)
  eden space 65536K, 0% used [0x000000076b500000,0x000000076b500000,0x000000076f500000)
  from space 10752K, 99% used [0x000000076f500000,0x000000076ff7cdf0,0x000000076ff80000)
  to   space 10752K, 0% used [0x0000000773f80000,0x0000000773f80000,0x0000000774a00000)
 ParOldGen       total 175104K, used 11346K [0x00000006c1e00000, 0x00000006cc900000, 0x000000076b500000)
  object space 175104K, 6% used [0x00000006c1e00000,0x00000006c2914a08,0x00000006cc900000)
 Metaspace       used 4544K, capacity 5268K, committed 5504K, reserved 1056768K
  class space    used 495K, capacity 528K, committed 640K, reserved 1048576K
}
Event: 1.114 GC heap before
{Heap before GC invocations=2 (full 0):
 PSYoungGen      total 76288K, used 76275K [0x000000076b500000, 0x0000000774a00000, 0x00000007c0000000)
  eden space 65536K, 100% used [0x000000076b500000,0x000000076f500000,0x000000076f500000)
  from space 10752K, 99% used [0x000000076f500000,0x000000076ff7cdf0,0x000000076ff80000)
  to   space 10752K, 0% used [0x0000000773f80000,0x0000000773f80000,0x0000000774a00000)
 ParOldGen       total 175104K, used 11346K [0x00000006c1e00000, 0x00000006cc900000, 0x000000076b500000)
  object space 175104K, 6% used [0x00000006c1e00000,0x00000006c2914a08,0x00000006cc900000)
 Metaspace       used 4565K, capacity 5268K, committed 5504K, reserved 1056768K
  class space    used 496K, capacity 528K, committed 640K, reserved 1048576K
Event: 1.133 GC heap after
Heap after GC invocations=2 (full 0):
 PSYoungGen      total 141824K, used 10736K [0x000000076b500000, 0x0000000774a00000, 0x00000007c0000000)
  eden space 131072K, 0% used [0x000000076b500000,0x000000076b500000,0x0000000773500000)
  from space 10752K, 99% used [0x0000000773f80000,0x00000007749fc1d0,0x0000000774a00000)
  to   space 10752K, 0% used [0x0000000773500000,0x0000000773500000,0x0000000773f80000)
 ParOldGen       total 175104K, used 23261K [0x00000006c1e00000, 0x00000006cc900000, 0x000000076b500000)
  object space 175104K, 13% used [0x00000006c1e00000,0x00000006c34b77c0,0x00000006cc900000)
 Metaspace       used 4565K, capacity 5268K, committed 5504K, reserved 1056768K
  class space    used 496K, capacity 528K, committed 640K, reserved 1048576K
}

Deoptimization events (10 events):
Event: 0.679 Thread 0x0000018e67a06000 Uncommon trap: reason=class_check action=maybe_recompile pc=0x0000018e694df030 method=java.util.HashMap.putVal(ILjava/lang/Object;Ljava/lang/Object;ZZ)Ljava/lang/Object; @ 91
Event: 0.679 Thread 0x0000018e67a06000 Uncommon trap: reason=class_check action=maybe_recompile pc=0x0000018e694df030 method=java.util.HashMap.putVal(ILjava/lang/Object;Ljava/lang/Object;ZZ)Ljava/lang/Object; @ 91
Event: 0.679 Thread 0x0000018e67a06000 Uncommon trap: reason=class_check action=maybe_recompile pc=0x0000018e694df030 method=java.util.HashMap.putVal(ILjava/lang/Object;Ljava/lang/Object;ZZ)Ljava/lang/Object; @ 91
Event: 0.679 Thread 0x0000018e67a06000 Uncommon trap: reason=class_check action=maybe_recompile pc=0x0000018e694df030 method=java.util.HashMap.putVal(ILjava/lang/Object;Ljava/lang/Object;ZZ)Ljava/lang/Object; @ 91
Event: 0.730 Thread 0x0000018e67a06000 Uncommon trap: reason=unstable_if action=reinterpret pc=0x0000018e6953863c method=sun.nio.cs.UTF_8$Decoder.decodeArrayLoop(Ljava/nio/ByteBuffer;Ljava/nio/CharBuffer;)Ljava/nio/charset/CoderResult; @ 84
Event: 0.780 Thread 0x0000018e67a06000 Uncommon trap: reason=unstable_if action=reinterpret pc=0x0000018e6956ad24 method=org.apache.commons.lang3.StringUtils.isEmpty(Ljava/lang/CharSequence;)Z @ 10
Event: 0.794 Thread 0x0000018e67a06000 Uncommon trap: reason=unstable_if action=reinterpret pc=0x0000018e6955cc74 method=java.lang.Character.isSurrogate(C)Z @ 3
Event: 0.794 Thread 0x0000018e67a06000 Uncommon trap: reason=unstable_if action=reinterpret pc=0x0000018e694986f0 method=java.lang.Character.isSurrogate(C)Z @ 3
Event: 0.821 Thread 0x0000018e67a06000 Uncommon trap: reason=unstable_if action=reinterpret pc=0x0000018e695616a8 method=sun.nio.cs.UTF_8$Decoder.isMalformed3(III)Z @ 3
Event: 1.179 Thread 0x0000018e67a06000 Uncommon trap: reason=unstable_if action=reinterpret pc=0x0000018e695b0ea4 method=brut.androlib.res.decoder.StringBlock.getStyle(I)[I @ 82

Classes redefined (0 events):
No events

Internal exceptions (6 events):
Event: 0.035 Thread 0x0000018e67a06000 Exception <a 'java/lang/NoSuchMethodError': Method sun.misc.Unsafe.defineClass(Ljava/lang/String;[BII)Ljava/lang/Class; name or signature does not match> (0x000000076b507cc0) thrown at [C:\jenkins\workspace\8-2-build-windows-amd64-cygwin\jdk8u271\605\hots
Event: 0.035 Thread 0x0000018e67a06000 Exception <a 'java/lang/NoSuchMethodError': Method sun.misc.Unsafe.prefetchRead(Ljava/lang/Object;J)V name or signature does not match> (0x000000076b507fa8) thrown at [C:\jenkins\workspace\8-2-build-windows-amd64-cygwin\jdk8u271\605\hotspot\src\share\vm\p
Event: 0.168 Thread 0x0000018e67a06000 Exception <a 'java/security/PrivilegedActionException'> (0x000000076b7e58b0) thrown at [C:\jenkins\workspace\8-2-build-windows-amd64-cygwin\jdk8u271\605\hotspot\src\share\vm\prims\jvm.cpp, line 1512]
Event: 0.168 Thread 0x0000018e67a06000 Exception <a 'java/security/PrivilegedActionException'> (0x000000076b7e5ac0) thrown at [C:\jenkins\workspace\8-2-build-windows-amd64-cygwin\jdk8u271\605\hotspot\src\share\vm\prims\jvm.cpp, line 1512]
Event: 0.169 Thread 0x0000018e67a06000 Exception <a 'java/security/PrivilegedActionException'> (0x000000076b7e9730) thrown at [C:\jenkins\workspace\8-2-build-windows-amd64-cygwin\jdk8u271\605\hotspot\src\share\vm\prims\jvm.cpp, line 1512]
Event: 0.169 Thread 0x0000018e67a06000 Exception <a 'java/security/PrivilegedActionException'> (0x000000076b7e9940) thrown at [C:\jenkins\workspace\8-2-build-windows-amd64-cygwin\jdk8u271\605\hotspot\src\share\vm\prims\jvm.cpp, line 1512]

Events (10 events):
Event: 1.193 Thread 0x0000018e67a06000 DEOPT PACKING pc=0x0000018e69583556 sp=0x00000030170fe7d0
Event: 1.193 Thread 0x0000018e67a06000 DEOPT UNPACKING pc=0x0000018e69327898 sp=0x00000030170fe620 mode 0
Event: 1.198 Thread 0x0000018e67a06000 DEOPT PACKING pc=0x0000018e69583556 sp=0x00000030170fe7d0
Event: 1.198 Thread 0x0000018e67a06000 DEOPT UNPACKING pc=0x0000018e69327898 sp=0x00000030170fe620 mode 0
Event: 1.199 Thread 0x0000018e67a06000 DEOPT PACKING pc=0x0000018e69582fd7 sp=0x00000030170fe7d0
Event: 1.199 Thread 0x0000018e67a06000 DEOPT UNPACKING pc=0x0000018e69327898 sp=0x00000030170fe5b0 mode 0
Event: 1.200 Thread 0x0000018e67a06000 DEOPT PACKING pc=0x0000018e695bfce7 sp=0x00000030170fe860
Event: 1.200 Thread 0x0000018e67a06000 DEOPT UNPACKING pc=0x0000018e69327898 sp=0x00000030170fe658 mode 0
Event: 1.206 Thread 0x0000018e67a06000 DEOPT PACKING pc=0x0000018e69583556 sp=0x00000030170fe7d0
Event: 1.206 Thread 0x0000018e67a06000 DEOPT UNPACKING pc=0x0000018e69327898 sp=0x00000030170fe620 mode 0


Dynamic libraries:
0x00007ff6a6a10000 - 0x00007ff6a6a57000 	C:\ProgramData\Oracle\Java\javapath\java.exe
0x00007ffc37ce0000 - 0x00007ffc37ed0000 	C:\WINDOWS\SYSTEM32\ntdll.dll
0x00007ffc36940000 - 0x00007ffc369f2000 	C:\WINDOWS\System32\KERNEL32.DLL
0x00007ffc34c70000 - 0x00007ffc34f15000 	C:\WINDOWS\System32\KERNELBASE.dll
0x00007ffc37890000 - 0x00007ffc37933000 	C:\WINDOWS\System32\ADVAPI32.dll
0x00007ffc37a80000 - 0x00007ffc37b1e000 	C:\WINDOWS\System32\msvcrt.dll
0x00007ffc379c0000 - 0x00007ffc37a57000 	C:\WINDOWS\System32\sechost.dll
0x00007ffc37b20000 - 0x00007ffc37c40000 	C:\WINDOWS\System32\RPCRT4.dll
0x00007ffc37250000 - 0x00007ffc373e4000 	C:\WINDOWS\System32\USER32.dll
0x00007ffc35cb0000 - 0x00007ffc35cd1000 	C:\WINDOWS\System32\win32u.dll
0x00007ffc37860000 - 0x00007ffc37886000 	C:\WINDOWS\System32\GDI32.dll
0x00007ffc351a0000 - 0x00007ffc35336000 	C:\WINDOWS\System32\gdi32full.dll
0x00007ffc34fb0000 - 0x00007ffc3504e000 	C:\WINDOWS\System32\msvcp_win.dll
0x00007ffc350a0000 - 0x00007ffc3519a000 	C:\WINDOWS\System32\ucrtbase.dll
0x00007ffc1f960000 - 0x00007ffc1fbe4000 	C:\WINDOWS\WinSxS\amd64_microsoft.windows.common-controls_6595b64144ccf1df_6.0.18362.1256_none_9e7e379be45e40e2\COMCTL32.dll
0x00007ffc37520000 - 0x00007ffc37856000 	C:\WINDOWS\System32\combase.dll
0x00007ffc35340000 - 0x00007ffc353c1000 	C:\WINDOWS\System32\bcryptPrimitives.dll
0x00007ffc36730000 - 0x00007ffc3675e000 	C:\WINDOWS\System32\IMM32.DLL
0x00007ffc22ea0000 - 0x00007ffc22eb5000 	C:\Program Files\Java\jre1.8.0_271\bin\vcruntime140.dll
0x00007ffbf9340000 - 0x00007ffbf93db000 	C:\Program Files\Java\jre1.8.0_271\bin\msvcp140.dll
0x00000000685c0000 - 0x0000000068e2f000 	C:\Program Files\Java\jre1.8.0_271\bin\server\jvm.dll
0x00007ffc36720000 - 0x00007ffc36728000 	C:\WINDOWS\System32\PSAPI.DLL
0x00007ffc2b2d0000 - 0x00007ffc2b2f4000 	C:\WINDOWS\SYSTEM32\WINMM.dll
0x00007ffc24aa0000 - 0x00007ffc24aa9000 	C:\WINDOWS\SYSTEM32\WSOCK32.dll
0x00007ffc2db10000 - 0x00007ffc2db1a000 	C:\WINDOWS\SYSTEM32\VERSION.dll
0x00007ffc36a10000 - 0x00007ffc36a7f000 	C:\WINDOWS\System32\WS2_32.dll
0x00007ffc2b2a0000 - 0x00007ffc2b2cd000 	C:\WINDOWS\SYSTEM32\winmmbase.dll
0x00007ffc35050000 - 0x00007ffc3509a000 	C:\WINDOWS\System32\cfgmgr32.dll
0x00007ffc34bb0000 - 0x00007ffc34bc1000 	C:\WINDOWS\System32\kernel.appcore.dll
0x00007ffc25990000 - 0x00007ffc259a0000 	C:\Program Files\Java\jre1.8.0_271\bin\verify.dll
0x00007ffc15440000 - 0x00007ffc1546b000 	C:\Program Files\Java\jre1.8.0_271\bin\java.dll
0x00007ffc19930000 - 0x00007ffc19948000 	C:\Program Files\Java\jre1.8.0_271\bin\zip.dll
0x00007ffc36a80000 - 0x00007ffc37167000 	C:\WINDOWS\System32\SHELL32.dll
0x00007ffc37460000 - 0x00007ffc37509000 	C:\WINDOWS\System32\shcore.dll
0x00007ffc35520000 - 0x00007ffc35ca1000 	C:\WINDOWS\System32\windows.storage.dll
0x00007ffc34c20000 - 0x00007ffc34c43000 	C:\WINDOWS\System32\profapi.dll
0x00007ffc34bd0000 - 0x00007ffc34c1a000 	C:\WINDOWS\System32\powrprof.dll
0x00007ffc34b80000 - 0x00007ffc34b90000 	C:\WINDOWS\System32\UMPDC.dll
0x00007ffc371f0000 - 0x00007ffc37242000 	C:\WINDOWS\System32\shlwapi.dll
0x00007ffc34c50000 - 0x00007ffc34c67000 	C:\WINDOWS\System32\cryptsp.dll
0x00007ffc2d360000 - 0x00007ffc2d554000 	C:\WINDOWS\SYSTEM32\dbghelp.dll

VM Arguments:
jvm_args: -Duser.language=en -Dfile.encoding=UTF8 
java_command: C:\Windows\apktool.jar -q d -f D:/5th\Honours\Code\dataset\malware/drebin-2\968e404c838d96d36de35ec6ed802ee80a85297e4fb24986e79cfa57295a3c93 -o D:/5th/Honours/Code/Utility/maltmp\968e404c838d96d36de35ec6ed802ee80a85297e4fb24986e79cfa57295a3c93.smali -s -r --no-assets --force-manifest
java_class_path (initial): C:\Windows\apktool.jar
Launcher Type: SUN_STANDARD

Environment Variables:
PATH=D:\Anaconda\envs\code;D:\Anaconda\envs\code\Library\mingw-w64\bin;D:\Anaconda\envs\code\Library\usr\bin;D:\Anaconda\envs\code\Library\bin;D:\Anaconda\envs\code\Scripts;D:\Anaconda\envs\code\bin;D:\Anaconda\condabin;C:\ProgramData\Oracle\Java\javapath;C:\Program Files\NVIDIA GPU Computing Toolkit\CUDA\v11.1\bin;C:\Program Files\NVIDIA GPU Computing Toolkit\CUDA\v11.1\libnvvp;c:\program files (x86)\intel\icls client;c:\program files\intel\icls client;c:\windows\system32;c:\windows;c:\windows\system32\wbem;c:\windows\system32\windowspowershell\v1.0;c:\program files (x86)\intel\intel(r) management engine components\dal;c:\program files\intel\intel(r) management engine components\dal;c:\program files (x86)\intel\intel(r) management engine components\ipt;c:\program files\intel\intel(r) management engine components\ipt;c:\program files\intel\wifi\bin;c:\program files\common files\intel\wirelesscommon;c:\windows\system32\openssh;c:\program files\git\cmd;C:\Program Files\dotnet;D:\MATLAB\R2019b\bin;C:\WINDOWS\system32;C:\WINDOWS;C:\WINDOWS\System32\Wbem;C:\WINDOWS\System32\WindowsPowerShell\v1.0;C:\WINDOWS\System32\OpenSSH;C:\Program Files (x86)\NVIDIA Corporation\PhysX\Common;C:\Program Files\PuTTY;C:\Program Files\NVIDIA Corporation\Nsight Compute 2020.2.1;C:\Program Files\NVIDIA Corporation\NVIDIA NvDLISR;C:\Program Files (x86)\Java\jdk1.8.0_121\bin;C:\Users\aidanocc\AppData\Local\Microsoft\WindowsApps;D:\Anaconda\Scripts\conda.exe;D:\Anaconda\python.exe;C:\Users\aidanocc\AppData\Local\GitHubDesktop\bin;D:\Latex\miktex\bin\x64;D:\Anaconda;D:\Microsoft VS Code\bin;.
USERNAME=aidanocc
OS=Windows_NT
PROCESSOR_IDENTIFIER=Intel64 Family 6 Model 94 Stepping 3, GenuineIntel



---------------  S Y S T E M  ---------------

OS: Windows 10.0 , 64 bit Build 18362 (10.0.18362.1110)

CPU:total 8 (initial active 8) (4 cores per cpu, 2 threads per core) family 6 model 94 stepping 3, cmov, cx8, fxsr, mmx, sse, sse2, sse3, ssse3, sse4.1, sse4.2, popcnt, avx, avx2, aes, clmul, erms, rtm, 3dnowpref, lzcnt, ht, tsc, tscinvbit, bmi1, bmi2, adx

Memory: 4k page, physical 16650360k(4464208k free), swap 20968192k(5136k free)

vm_info: Java HotSpot(TM) 64-Bit Server VM (25.271-b09) for windows-amd64 JRE (1.8.0_271-b09), built on Sep 16 2020 19:14:59 by "" with MS VC++ 15.9 (VS2017)

time: Tue Dec 15 21:55:10 2020
timezone: Eastern Standard Time
elapsed time: 1.240696 seconds (0d 0h 0m 1s)

